{"C:\\Users\\leduc\\Documents\\square-tuyen-dung-1\\frontend\\src\\configs\\constants.ts": {"path":"C:\\Users\\leduc\\Documents\\square-tuyen-dung-1\\frontend\\src\\configs\\constants.ts","statementMap":{"0":{"start":{"line":8,"column":0},"end":{"line":8,"column":35}},"1":{"start":{"line":9,"column":0},"end":{"line":9,"column":68}},"2":{"start":{"line":10,"column":0},"end":{"line":10,"column":54}},"3":{"start":{"line":14,"column":0},"end":{"line":14,"column":null}},"4":{"start":{"line":15,"column":2},"end":{"line":15,"column":null}},"5":{"start":{"line":16,"column":2},"end":{"line":16,"column":null}},"6":{"start":{"line":17,"column":2},"end":{"line":17,"column":null}},"7":{"start":{"line":18,"column":2},"end":{"line":18,"column":null}},"8":{"start":{"line":19,"column":2},"end":{"line":19,"column":null}},"9":{"start":{"line":20,"column":2},"end":{"line":20,"column":null}},"10":{"start":{"line":21,"column":2},"end":{"line":21,"column":null}},"11":{"start":{"line":22,"column":2},"end":{"line":22,"column":null}},"12":{"start":{"line":26,"column":0},"end":{"line":26,"column":9}},"13":{"start":{"line":26,"column":9},"end":{"line":26,"column":39}},"14":{"start":{"line":28,"column":12},"end":{"line":28,"column":61}},"15":{"start":{"line":169,"column":2},"end":{"line":169,"column":5}},"16":{"start":{"line":29,"column":17},"end":{"line":29,"column":22}},"17":{"start":{"line":170,"column":2},"end":{"line":170,"column":10}},"18":{"start":{"line":30,"column":17},"end":{"line":30,"column":25}},"19":{"start":{"line":171,"column":2},"end":{"line":171,"column":10}},"20":{"start":{"line":32,"column":24},"end":{"line":36,"column":1}},"21":{"start":{"line":33,"column":2},"end":{"line":33,"column":56}},"22":{"start":{"line":33,"column":37},"end":{"line":33,"column":56}},"23":{"start":{"line":34,"column":13},"end":{"line":34,"column":37}},"24":{"start":{"line":35,"column":2},"end":{"line":35,"column":55}},"25":{"start":{"line":38,"column":22},"end":{"line":38,"column":39}},"26":{"start":{"line":40,"column":21},"end":{"line":42,"column":1}},"27":{"start":{"line":41,"column":2},"end":{"line":41,"column":81}},"28":{"start":{"line":44,"column":18},"end":{"line":54,"column":11}},"29":{"start":{"line":172,"column":2},"end":{"line":172,"column":11}},"30":{"start":{"line":56,"column":22},"end":{"line":59,"column":11}},"31":{"start":{"line":173,"column":2},"end":{"line":173,"column":15}},"32":{"start":{"line":61,"column":20},"end":{"line":88,"column":11}},"33":{"start":{"line":174,"column":2},"end":{"line":174,"column":13}},"34":{"start":{"line":90,"column":19},"end":{"line":94,"column":11}},"35":{"start":{"line":175,"column":2},"end":{"line":175,"column":12}},"36":{"start":{"line":96,"column":19},"end":{"line":98,"column":11}},"37":{"start":{"line":176,"column":2},"end":{"line":176,"column":12}},"38":{"start":{"line":100,"column":27},"end":{"line":111,"column":11}},"39":{"start":{"line":177,"column":2},"end":{"line":177,"column":20}},"40":{"start":{"line":113,"column":23},"end":{"line":118,"column":11}},"41":{"start":{"line":178,"column":2},"end":{"line":178,"column":16}},"42":{"start":{"line":120,"column":17},"end":{"line":123,"column":11}},"43":{"start":{"line":179,"column":2},"end":{"line":179,"column":10}},"44":{"start":{"line":129,"column":21},"end":{"line":134,"column":11}},"45":{"start":{"line":130,"column":19},"end":{"line":130,"column":41}},"46":{"start":{"line":131,"column":15},"end":{"line":131,"column":22}},"47":{"start":{"line":132,"column":18},"end":{"line":132,"column":39}},"48":{"start":{"line":133,"column":30},"end":{"line":133,"column":53}},"49":{"start":{"line":181,"column":2},"end":{"line":181,"column":14}},"50":{"start":{"line":136,"column":14},"end":{"line":147,"column":11}},"51":{"start":{"line":182,"column":2},"end":{"line":182,"column":7}},"52":{"start":{"line":149,"column":21},"end":{"line":152,"column":11}},"53":{"start":{"line":180,"column":2},"end":{"line":180,"column":14}},"54":{"start":{"line":154,"column":33},"end":{"line":158,"column":11}},"55":{"start":{"line":183,"column":2},"end":{"line":183,"column":26}}},"fnMap":{"0":{"name":"(anonymous_1)","decl":{"start":{"line":15,"column":2},"end":{"line":15,"column":8}},"loc":{"start":{"line":15,"column":2},"end":{"line":15,"column":null}}},"1":{"name":"(anonymous_2)","decl":{"start":{"line":16,"column":2},"end":{"line":16,"column":14}},"loc":{"start":{"line":16,"column":2},"end":{"line":16,"column":null}}},"2":{"name":"(anonymous_3)","decl":{"start":{"line":17,"column":2},"end":{"line":17,"column":7}},"loc":{"start":{"line":17,"column":2},"end":{"line":17,"column":null}}},"3":{"name":"(anonymous_4)","decl":{"start":{"line":18,"column":2},"end":{"line":18,"column":16}},"loc":{"start":{"line":18,"column":2},"end":{"line":18,"column":null}}},"4":{"name":"(anonymous_5)","decl":{"start":{"line":19,"column":2},"end":{"line":19,"column":17}},"loc":{"start":{"line":19,"column":2},"end":{"line":19,"column":null}}},"5":{"name":"(anonymous_6)","decl":{"start":{"line":20,"column":2},"end":{"line":20,"column":13}},"loc":{"start":{"line":20,"column":2},"end":{"line":20,"column":null}}},"6":{"name":"(anonymous_7)","decl":{"start":{"line":21,"column":2},"end":{"line":21,"column":12}},"loc":{"start":{"line":21,"column":2},"end":{"line":21,"column":null}}},"7":{"name":"(anonymous_8)","decl":{"start":{"line":22,"column":2},"end":{"line":22,"column":15}},"loc":{"start":{"line":22,"column":2},"end":{"line":22,"column":null}}},"8":{"name":"(anonymous_9)","decl":{"start":{"line":26,"column":9},"end":{"line":26,"column":15}},"loc":{"start":{"line":26,"column":9},"end":{"line":26,"column":39}}},"9":{"name":"(anonymous_10)","decl":{"start":{"line":32,"column":24},"end":{"line":32,"column":35}},"loc":{"start":{"line":32,"column":37},"end":{"line":36,"column":1}}},"10":{"name":"(anonymous_11)","decl":{"start":{"line":40,"column":21},"end":{"line":40,"column":22}},"loc":{"start":{"line":40,"column":66},"end":{"line":42,"column":1}}},"11":{"name":"(anonymous_12)","decl":{"start":{"line":130,"column":13},"end":{"line":130,"column":16}},"loc":{"start":{"line":130,"column":19},"end":{"line":130,"column":41}}},"12":{"name":"(anonymous_13)","decl":{"start":{"line":131,"column":9},"end":{"line":131,"column":12}},"loc":{"start":{"line":131,"column":15},"end":{"line":131,"column":22}}},"13":{"name":"(anonymous_14)","decl":{"start":{"line":132,"column":12},"end":{"line":132,"column":15}},"loc":{"start":{"line":132,"column":18},"end":{"line":132,"column":39}}},"14":{"name":"(anonymous_15)","decl":{"start":{"line":133,"column":13},"end":{"line":133,"column":14}},"loc":{"start":{"line":133,"column":30},"end":{"line":133,"column":53}}}},"branchMap":{"0":{"loc":{"start":{"line":28,"column":12},"end":{"line":28,"column":61}},"type":"binary-expr","locations":[{"start":{"line":28,"column":12},"end":{"line":28,"column":44}},{"start":{"line":28,"column":48},"end":{"line":28,"column":61}}]},"1":{"loc":{"start":{"line":33,"column":2},"end":{"line":33,"column":56}},"type":"if","locations":[{"start":{"line":33,"column":2},"end":{"line":33,"column":56}},{"start":{},"end":{}}]},"2":{"loc":{"start":{"line":41,"column":9},"end":{"line":41,"column":80}},"type":"binary-expr","locations":[{"start":{"line":41,"column":9},"end":{"line":41,"column":15}},{"start":{"line":41,"column":19},"end":{"line":41,"column":39}},{"start":{"line":41,"column":43},"end":{"line":41,"column":80}}]},"3":{"loc":{"start":{"line":45,"column":11},"end":{"line":47,"column":19}},"type":"cond-expr","locations":[{"start":{"line":46,"column":6},"end":{"line":46,"column":47}},{"start":{"line":47,"column":6},"end":{"line":47,"column":19}}]},"4":{"loc":{"start":{"line":48,"column":20},"end":{"line":50,"column":33}},"type":"cond-expr","locations":[{"start":{"line":49,"column":6},"end":{"line":49,"column":56}},{"start":{"line":50,"column":6},"end":{"line":50,"column":33}}]},"5":{"loc":{"start":{"line":51,"column":17},"end":{"line":53,"column":30}},"type":"cond-expr","locations":[{"start":{"line":52,"column":6},"end":{"line":52,"column":53}},{"start":{"line":53,"column":6},"end":{"line":53,"column":30}}]},"6":{"loc":{"start":{"line":75,"column":20},"end":{"line":75,"column":88}},"type":"binary-expr","locations":[{"start":{"line":75,"column":20},"end":{"line":75,"column":60}},{"start":{"line":75,"column":64},"end":{"line":75,"column":88}}]},"7":{"loc":{"start":{"line":80,"column":14},"end":{"line":80,"column":67}},"type":"binary-expr","locations":[{"start":{"line":80,"column":14},"end":{"line":80,"column":61}},{"start":{"line":80,"column":65},"end":{"line":80,"column":67}}]},"8":{"loc":{"start":{"line":84,"column":14},"end":{"line":84,"column":65}},"type":"binary-expr","locations":[{"start":{"line":84,"column":14},"end":{"line":84,"column":59}},{"start":{"line":84,"column":63},"end":{"line":84,"column":65}}]},"9":{"loc":{"start":{"line":87,"column":19},"end":{"line":87,"column":68}},"type":"binary-expr","locations":[{"start":{"line":87,"column":19},"end":{"line":87,"column":58}},{"start":{"line":87,"column":62},"end":{"line":87,"column":68}}]}},"s":{"0":5,"1":5,"2":5,"3":5,"4":5,"5":5,"6":5,"7":5,"8":5,"9":5,"10":5,"11":5,"12":5,"13":15,"14":5,"15":5,"16":5,"17":5,"18":5,"19":5,"20":5,"21":5,"22":5,"23":0,"24":0,"25":5,"26":5,"27":15,"28":5,"29":5,"30":5,"31":5,"32":5,"33":5,"34":5,"35":5,"36":5,"37":5,"38":5,"39":5,"40":5,"41":5,"42":5,"43":5,"44":5,"45":0,"46":0,"47":0,"48":0,"49":5,"50":5,"51":5,"52":5,"53":5,"54":5,"55":5},"f":{"0":0,"1":0,"2":0,"3":0,"4":0,"5":0,"6":0,"7":0,"8":10,"9":5,"10":15,"11":0,"12":0,"13":0,"14":0},"b":{"0":[5,5],"1":[5,0],"2":[15,0,0],"3":[0,5],"4":[0,5],"5":[0,5],"6":[5,5],"7":[5,5],"8":[5,5],"9":[5,5]}}
,"C:\\Users\\leduc\\Documents\\square-tuyen-dung-1\\frontend\\src\\configs\\dayjs-config.ts": {"path":"C:\\Users\\leduc\\Documents\\square-tuyen-dung-1\\frontend\\src\\configs\\dayjs-config.ts","statementMap":{"0":{"start":{"line":1,"column":1},"end":{"line":1,"column":8}},"1":{"start":{"line":20,"column":9},"end":{"line":1,"column":27}},"2":{"start":{"line":2,"column":0},"end":{"line":2,"column":53}},"3":{"start":{"line":3,"column":0},"end":{"line":3,"column":35}},"4":{"start":{"line":4,"column":0},"end":{"line":4,"column":39}},"5":{"start":{"line":5,"column":0},"end":{"line":5,"column":63}},"6":{"start":{"line":6,"column":0},"end":{"line":6,"column":25}},"7":{"start":{"line":9,"column":0},"end":{"line":9,"column":27}},"8":{"start":{"line":10,"column":0},"end":{"line":10,"column":18}},"9":{"start":{"line":11,"column":0},"end":{"line":11,"column":17}},"10":{"start":{"line":12,"column":0},"end":{"line":12,"column":32}},"11":{"start":{"line":15,"column":0},"end":{"line":15,"column":19}},"12":{"start":{"line":18,"column":0},"end":{"line":18,"column":40}},"13":{"start":{"line":21,"column":0},"end":{"line":21,"column":21}}},"fnMap":{},"branchMap":{},"s":{"0":5,"1":5,"2":5,"3":5,"4":5,"5":5,"6":5,"7":5,"8":5,"9":5,"10":5,"11":5,"12":5,"13":5},"f":{},"b":{}}
,"C:\\Users\\leduc\\Documents\\square-tuyen-dung-1\\frontend\\src\\configs\\images.ts": {"path":"C:\\Users\\leduc\\Documents\\square-tuyen-dung-1\\frontend\\src\\configs\\images.ts","statementMap":{"0":{"start":{"line":10,"column":0},"end":{"line":10,"column":70}},"1":{"start":{"line":11,"column":0},"end":{"line":11,"column":78}},"2":{"start":{"line":12,"column":0},"end":{"line":12,"column":74}},"3":{"start":{"line":13,"column":0},"end":{"line":13,"column":65}},"4":{"start":{"line":14,"column":0},"end":{"line":14,"column":70}},"5":{"start":{"line":15,"column":0},"end":{"line":15,"column":82}},"6":{"start":{"line":16,"column":0},"end":{"line":16,"column":74}},"7":{"start":{"line":17,"column":0},"end":{"line":17,"column":67}},"8":{"start":{"line":18,"column":0},"end":{"line":18,"column":80}},"9":{"start":{"line":19,"column":0},"end":{"line":19,"column":68}},"10":{"start":{"line":20,"column":0},"end":{"line":20,"column":74}},"11":{"start":{"line":21,"column":0},"end":{"line":21,"column":74}},"12":{"start":{"line":22,"column":0},"end":{"line":22,"column":65}},"13":{"start":{"line":23,"column":0},"end":{"line":23,"column":63}},"14":{"start":{"line":24,"column":0},"end":{"line":24,"column":57}},"15":{"start":{"line":27,"column":0},"end":{"line":27,"column":79}},"16":{"start":{"line":28,"column":0},"end":{"line":28,"column":76}},"17":{"start":{"line":29,"column":0},"end":{"line":29,"column":74}},"18":{"start":{"line":30,"column":0},"end":{"line":30,"column":75}},"19":{"start":{"line":31,"column":0},"end":{"line":31,"column":77}},"20":{"start":{"line":32,"column":0},"end":{"line":32,"column":71}},"21":{"start":{"line":33,"column":0},"end":{"line":33,"column":69}},"22":{"start":{"line":34,"column":0},"end":{"line":34,"column":77}},"23":{"start":{"line":35,"column":0},"end":{"line":35,"column":79}},"24":{"start":{"line":36,"column":0},"end":{"line":36,"column":90}},"25":{"start":{"line":37,"column":0},"end":{"line":37,"column":73}},"26":{"start":{"line":38,"column":0},"end":{"line":38,"column":72}},"27":{"start":{"line":40,"column":0},"end":{"line":40,"column":81}},"28":{"start":{"line":41,"column":0},"end":{"line":41,"column":85}},"29":{"start":{"line":42,"column":0},"end":{"line":42,"column":84}},"30":{"start":{"line":43,"column":0},"end":{"line":43,"column":72}},"31":{"start":{"line":44,"column":0},"end":{"line":44,"column":63}},"32":{"start":{"line":45,"column":0},"end":{"line":45,"column":61}},"33":{"start":{"line":46,"column":0},"end":{"line":46,"column":80}},"34":{"start":{"line":47,"column":0},"end":{"line":47,"column":61}},"35":{"start":{"line":48,"column":0},"end":{"line":48,"column":59}},"36":{"start":{"line":49,"column":0},"end":{"line":49,"column":59}},"37":{"start":{"line":50,"column":0},"end":{"line":50,"column":59}},"38":{"start":{"line":51,"column":0},"end":{"line":51,"column":65}},"39":{"start":{"line":52,"column":0},"end":{"line":52,"column":74}},"40":{"start":{"line":53,"column":0},"end":{"line":53,"column":57}},"41":{"start":{"line":54,"column":0},"end":{"line":54,"column":57}},"42":{"start":{"line":55,"column":0},"end":{"line":55,"column":57}},"43":{"start":{"line":56,"column":0},"end":{"line":56,"column":57}},"44":{"start":{"line":57,"column":0},"end":{"line":57,"column":57}},"45":{"start":{"line":61,"column":15},"end":{"line":67,"column":1}},"46":{"start":{"line":62,"column":2},"end":{"line":62,"column":42}},"47":{"start":{"line":62,"column":31},"end":{"line":62,"column":42}},"48":{"start":{"line":63,"column":2},"end":{"line":63,"column":84}},"49":{"start":{"line":63,"column":69},"end":{"line":63,"column":84}},"50":{"start":{"line":64,"column":2},"end":{"line":64,"column":102}},"51":{"start":{"line":64,"column":73},"end":{"line":64,"column":102}},"52":{"start":{"line":65,"column":2},"end":{"line":65,"column":92}},"53":{"start":{"line":65,"column":73},"end":{"line":65,"column":92}},"54":{"start":{"line":66,"column":2},"end":{"line":66,"column":27}},"55":{"start":{"line":69,"column":13},"end":{"line":86,"column":11}},"56":{"start":{"line":71,"column":4},"end":{"line":73,"column":50}},"57":{"start":{"line":76,"column":4},"end":{"line":78,"column":50}},"58":{"start":{"line":88,"column":13},"end":{"line":97,"column":11}},"59":{"start":{"line":99,"column":13},"end":{"line":110,"column":11}},"60":{"start":{"line":112,"column":13},"end":{"line":114,"column":11}},"61":{"start":{"line":116,"column":13},"end":{"line":122,"column":11}},"62":{"start":{"line":124,"column":13},"end":{"line":126,"column":11}},"63":{"start":{"line":128,"column":13},"end":{"line":144,"column":11}},"64":{"start":{"line":146,"column":13},"end":{"line":149,"column":11}}},"fnMap":{"0":{"name":"(anonymous_1)","decl":{"start":{"line":61,"column":15},"end":{"line":61,"column":16}},"loc":{"start":{"line":61,"column":105},"end":{"line":67,"column":1}}},"1":{"name":"(anonymous_2)","decl":{"start":{"line":70,"column":11},"end":{"line":70,"column":12}},"loc":{"start":{"line":70,"column":47},"end":{"line":74,"column":3}}},"2":{"name":"(anonymous_3)","decl":{"start":{"line":75,"column":15},"end":{"line":75,"column":16}},"loc":{"start":{"line":75,"column":51},"end":{"line":79,"column":3}}}},"branchMap":{"0":{"loc":{"start":{"line":62,"column":2},"end":{"line":62,"column":42}},"type":"if","locations":[{"start":{"line":62,"column":2},"end":{"line":62,"column":42}},{"start":{},"end":{}}]},"1":{"loc":{"start":{"line":63,"column":2},"end":{"line":63,"column":84}},"type":"if","locations":[{"start":{"line":63,"column":2},"end":{"line":63,"column":84}},{"start":{},"end":{}}]},"2":{"loc":{"start":{"line":63,"column":6},"end":{"line":63,"column":67}},"type":"binary-expr","locations":[{"start":{"line":63,"column":6},"end":{"line":63,"column":9}},{"start":{"line":63,"column":13},"end":{"line":63,"column":36}},{"start":{"line":63,"column":40},"end":{"line":63,"column":67}}]},"3":{"loc":{"start":{"line":64,"column":2},"end":{"line":64,"column":102}},"type":"if","locations":[{"start":{"line":64,"column":2},"end":{"line":64,"column":102}},{"start":{},"end":{}}]},"4":{"loc":{"start":{"line":64,"column":6},"end":{"line":64,"column":71}},"type":"binary-expr","locations":[{"start":{"line":64,"column":6},"end":{"line":64,"column":9}},{"start":{"line":64,"column":13},"end":{"line":64,"column":36}},{"start":{"line":64,"column":40},"end":{"line":64,"column":71}}]},"5":{"loc":{"start":{"line":64,"column":80},"end":{"line":64,"column":101}},"type":"binary-expr","locations":[{"start":{"line":64,"column":80},"end":{"line":64,"column":95}},{"start":{"line":64,"column":99},"end":{"line":64,"column":101}}]},"6":{"loc":{"start":{"line":65,"column":2},"end":{"line":65,"column":92}},"type":"if","locations":[{"start":{"line":65,"column":2},"end":{"line":65,"column":92}},{"start":{},"end":{}}]},"7":{"loc":{"start":{"line":65,"column":6},"end":{"line":65,"column":71}},"type":"binary-expr","locations":[{"start":{"line":65,"column":6},"end":{"line":65,"column":9}},{"start":{"line":65,"column":13},"end":{"line":65,"column":36}},{"start":{"line":65,"column":40},"end":{"line":65,"column":71}}]},"8":{"loc":{"start":{"line":66,"column":16},"end":{"line":66,"column":25}},"type":"cond-expr","locations":[{"start":{"line":66,"column":16},"end":{"line":66,"column":19}},{"start":{"line":66,"column":23},"end":{"line":66,"column":25}}]},"9":{"loc":{"start":{"line":66,"column":16},"end":{"line":66,"column":23}},"type":"binary-expr","locations":[{"start":{"line":66,"column":16},"end":{"line":66,"column":23}},{"start":{"line":66,"column":16},"end":{"line":66,"column":23}}]},"10":{"loc":{"start":{"line":70,"column":12},"end":{"line":70,"column":43}},"type":"default-arg","locations":[{"start":{"line":70,"column":37},"end":{"line":70,"column":43}}]},"11":{"loc":{"start":{"line":71,"column":11},"end":{"line":73,"column":49}},"type":"cond-expr","locations":[{"start":{"line":72,"column":8},"end":{"line":72,"column":49}},{"start":{"line":73,"column":8},"end":{"line":73,"column":49}}]},"12":{"loc":{"start":{"line":75,"column":16},"end":{"line":75,"column":47}},"type":"default-arg","locations":[{"start":{"line":75,"column":41},"end":{"line":75,"column":47}}]},"13":{"loc":{"start":{"line":76,"column":11},"end":{"line":78,"column":49}},"type":"cond-expr","locations":[{"start":{"line":77,"column":8},"end":{"line":77,"column":49}},{"start":{"line":78,"column":8},"end":{"line":78,"column":49}}]}},"s":{"0":5,"1":5,"2":5,"3":5,"4":5,"5":5,"6":5,"7":5,"8":5,"9":5,"10":5,"11":5,"12":5,"13":5,"14":5,"15":5,"16":5,"17":5,"18":5,"19":5,"20":5,"21":5,"22":5,"23":5,"24":5,"25":5,"26":5,"27":5,"28":5,"29":5,"30":5,"31":5,"32":5,"33":5,"34":5,"35":5,"36":5,"37":5,"38":5,"39":5,"40":5,"41":5,"42":5,"43":5,"44":5,"45":5,"46":235,"47":0,"48":235,"49":0,"50":235,"51":0,"52":235,"53":0,"54":235,"55":5,"56":0,"57":0,"58":5,"59":5,"60":5,"61":5,"62":5,"63":5,"64":5},"f":{"0":235,"1":0,"2":0},"b":{"0":[0,235],"1":[0,235],"2":[235,235,235],"3":[0,235],"4":[235,235,235],"5":[0,0],"6":[0,235],"7":[235,235,235],"8":[235,0],"9":[235,235],"10":[0],"11":[0,0],"12":[0],"13":[0,0]}}
,"C:\\Users\\leduc\\Documents\\square-tuyen-dung-1\\frontend\\src\\configs\\portalRouting.ts": {"path":"C:\\Users\\leduc\\Documents\\square-tuyen-dung-1\\frontend\\src\\configs\\portalRouting.ts","statementMap":{"0":{"start":{"line":5,"column":26},"end":{"line":8,"column":1}},"1":{"start":{"line":6,"column":15},"end":{"line":6,"column":75}},"2":{"start":{"line":7,"column":2},"end":{"line":7,"column":37}},"3":{"start":{"line":10,"column":22},"end":{"line":13,"column":1}},"4":{"start":{"line":11,"column":2},"end":{"line":11,"column":28}},"5":{"start":{"line":11,"column":15},"end":{"line":11,"column":28}},"6":{"start":{"line":12,"column":2},"end":{"line":12,"column":66}},"7":{"start":{"line":15,"column":20},"end":{"line":23,"column":1}},"8":{"start":{"line":16,"column":2},"end":{"line":18,"column":3}},"9":{"start":{"line":17,"column":4},"end":{"line":17,"column":20}},"10":{"start":{"line":20,"column":19},"end":{"line":20,"column":48}},"11":{"start":{"line":21,"column":2},"end":{"line":21,"column":35}},"12":{"start":{"line":21,"column":24},"end":{"line":21,"column":35}},"13":{"start":{"line":22,"column":2},"end":{"line":22,"column":62}},"14":{"start":{"line":25,"column":26},"end":{"line":25,"column":80}},"15":{"start":{"line":26,"column":23},"end":{"line":26,"column":55}},"16":{"start":{"line":28,"column":36},"end":{"line":38,"column":1}},"17":{"start":{"line":29,"column":21},"end":{"line":29,"column":25}},"18":{"start":{"line":30,"column":2},"end":{"line":36,"column":3}},"19":{"start":{"line":31,"column":4},"end":{"line":35,"column":5}},"20":{"start":{"line":32,"column":6},"end":{"line":32,"column":64}},"21":{"start":{"line":37,"column":2},"end":{"line":37,"column":49}},"22":{"start":{"line":28,"column":13},"end":{"line":28,"column":36}},"23":{"start":{"line":40,"column":31},"end":{"line":49,"column":1}},"24":{"start":{"line":41,"column":29},"end":{"line":41,"column":69}},"25":{"start":{"line":42,"column":2},"end":{"line":44,"column":3}},"26":{"start":{"line":43,"column":4},"end":{"line":43,"column":64}},"27":{"start":{"line":45,"column":2},"end":{"line":47,"column":3}},"28":{"start":{"line":46,"column":4},"end":{"line":46,"column":73}},"29":{"start":{"line":48,"column":2},"end":{"line":48,"column":12}},"30":{"start":{"line":40,"column":13},"end":{"line":40,"column":31}},"31":{"start":{"line":51,"column":36},"end":{"line":59,"column":1}},"32":{"start":{"line":52,"column":2},"end":{"line":54,"column":3}},"33":{"start":{"line":52,"column":38},"end":{"line":52,"column":69}},"34":{"start":{"line":53,"column":4},"end":{"line":53,"column":19}},"35":{"start":{"line":55,"column":2},"end":{"line":57,"column":3}},"36":{"start":{"line":55,"column":41},"end":{"line":55,"column":72}},"37":{"start":{"line":56,"column":4},"end":{"line":56,"column":22}},"38":{"start":{"line":58,"column":2},"end":{"line":58,"column":21}},"39":{"start":{"line":51,"column":13},"end":{"line":51,"column":36}},"40":{"start":{"line":61,"column":33},"end":{"line":62,"column":44}},"41":{"start":{"line":62,"column":2},"end":{"line":62,"column":44}},"42":{"start":{"line":61,"column":13},"end":{"line":61,"column":33}},"43":{"start":{"line":64,"column":36},"end":{"line":65,"column":47}},"44":{"start":{"line":65,"column":2},"end":{"line":65,"column":47}},"45":{"start":{"line":64,"column":13},"end":{"line":64,"column":36}},"46":{"start":{"line":67,"column":33},"end":{"line":82,"column":1}},"47":{"start":{"line":68,"column":17},"end":{"line":68,"column":47}},"48":{"start":{"line":69,"column":2},"end":{"line":74,"column":3}},"49":{"start":{"line":70,"column":4},"end":{"line":73,"column":5}},"50":{"start":{"line":71,"column":23},"end":{"line":71,"column":52}},"51":{"start":{"line":72,"column":6},"end":{"line":72,"column":49}},"52":{"start":{"line":72,"column":33},"end":{"line":72,"column":49}},"53":{"start":{"line":75,"column":2},"end":{"line":80,"column":3}},"54":{"start":{"line":76,"column":4},"end":{"line":79,"column":5}},"55":{"start":{"line":77,"column":23},"end":{"line":77,"column":52}},"56":{"start":{"line":78,"column":6},"end":{"line":78,"column":49}},"57":{"start":{"line":78,"column":33},"end":{"line":78,"column":49}},"58":{"start":{"line":81,"column":2},"end":{"line":81,"column":25}},"59":{"start":{"line":67,"column":13},"end":{"line":67,"column":33}},"60":{"start":{"line":84,"column":31},"end":{"line":100,"column":1}},"61":{"start":{"line":89,"column":17},"end":{"line":89,"column":50}},"62":{"start":{"line":91,"column":4},"end":{"line":91,"column":78}},"63":{"start":{"line":93,"column":2},"end":{"line":95,"column":3}},"64":{"start":{"line":94,"column":4},"end":{"line":94,"column":27}},"65":{"start":{"line":96,"column":2},"end":{"line":98,"column":3}},"66":{"start":{"line":97,"column":4},"end":{"line":97,"column":18}},"67":{"start":{"line":99,"column":2},"end":{"line":99,"column":39}},"68":{"start":{"line":84,"column":13},"end":{"line":84,"column":31}},"69":{"start":{"line":102,"column":35},"end":{"line":112,"column":1}},"70":{"start":{"line":106,"column":17},"end":{"line":106,"column":47}},"71":{"start":{"line":107,"column":2},"end":{"line":109,"column":3}},"72":{"start":{"line":108,"column":4},"end":{"line":108,"column":27}},"73":{"start":{"line":110,"column":20},"end":{"line":110,"column":47}},"74":{"start":{"line":111,"column":2},"end":{"line":111,"column":54}},"75":{"start":{"line":102,"column":13},"end":{"line":102,"column":35}}},"fnMap":{"0":{"name":"(anonymous_0)","decl":{"start":{"line":5,"column":26},"end":{"line":5,"column":27}},"loc":{"start":{"line":5,"column":69},"end":{"line":8,"column":1}}},"1":{"name":"(anonymous_1)","decl":{"start":{"line":10,"column":22},"end":{"line":10,"column":23}},"loc":{"start":{"line":10,"column":68},"end":{"line":13,"column":1}}},"2":{"name":"(anonymous_2)","decl":{"start":{"line":15,"column":20},"end":{"line":15,"column":21}},"loc":{"start":{"line":15,"column":65},"end":{"line":23,"column":1}}},"3":{"name":"(anonymous_3)","decl":{"start":{"line":28,"column":36},"end":{"line":28,"column":53}},"loc":{"start":{"line":28,"column":55},"end":{"line":38,"column":1}}},"4":{"name":"(anonymous_4)","decl":{"start":{"line":40,"column":31},"end":{"line":40,"column":32}},"loc":{"start":{"line":40,"column":88},"end":{"line":49,"column":1}}},"5":{"name":"(anonymous_5)","decl":{"start":{"line":51,"column":36},"end":{"line":51,"column":37}},"loc":{"start":{"line":51,"column":67},"end":{"line":59,"column":1}}},"6":{"name":"(anonymous_6)","decl":{"start":{"line":52,"column":26},"end":{"line":52,"column":27}},"loc":{"start":{"line":52,"column":38},"end":{"line":52,"column":69}}},"7":{"name":"(anonymous_7)","decl":{"start":{"line":55,"column":29},"end":{"line":55,"column":30}},"loc":{"start":{"line":55,"column":41},"end":{"line":55,"column":72}}},"8":{"name":"(anonymous_8)","decl":{"start":{"line":61,"column":33},"end":{"line":61,"column":34}},"loc":{"start":{"line":62,"column":2},"end":{"line":62,"column":44}}},"9":{"name":"(anonymous_9)","decl":{"start":{"line":64,"column":36},"end":{"line":64,"column":37}},"loc":{"start":{"line":65,"column":2},"end":{"line":65,"column":47}}},"10":{"name":"(anonymous_10)","decl":{"start":{"line":67,"column":33},"end":{"line":67,"column":34}},"loc":{"start":{"line":67,"column":60},"end":{"line":82,"column":1}}},"11":{"name":"(anonymous_11)","decl":{"start":{"line":84,"column":31},"end":{"line":84,"column":null}},"loc":{"start":{"line":88,"column":12},"end":{"line":100,"column":1}}},"12":{"name":"(anonymous_12)","decl":{"start":{"line":102,"column":35},"end":{"line":102,"column":null}},"loc":{"start":{"line":105,"column":12},"end":{"line":112,"column":1}}}},"branchMap":{"0":{"loc":{"start":{"line":6,"column":16},"end":{"line":6,"column":32}},"type":"binary-expr","locations":[{"start":{"line":6,"column":16},"end":{"line":6,"column":24}},{"start":{"line":6,"column":28},"end":{"line":6,"column":32}}]},"1":{"loc":{"start":{"line":7,"column":9},"end":{"line":7,"column":36}},"type":"cond-expr","locations":[{"start":{"line":7,"column":25},"end":{"line":7,"column":29}},{"start":{"line":7,"column":32},"end":{"line":7,"column":36}}]},"2":{"loc":{"start":{"line":11,"column":2},"end":{"line":11,"column":28}},"type":"if","locations":[{"start":{"line":11,"column":2},"end":{"line":11,"column":28}},{"start":{},"end":{}}]},"3":{"loc":{"start":{"line":12,"column":9},"end":{"line":12,"column":65}},"type":"binary-expr","locations":[{"start":{"line":12,"column":9},"end":{"line":12,"column":28}},{"start":{"line":12,"column":32},"end":{"line":12,"column":65}}]},"4":{"loc":{"start":{"line":16,"column":2},"end":{"line":18,"column":3}},"type":"if","locations":[{"start":{"line":16,"column":2},"end":{"line":18,"column":3}},{"start":{},"end":{}}]},"5":{"loc":{"start":{"line":21,"column":2},"end":{"line":21,"column":35}},"type":"if","locations":[{"start":{"line":21,"column":2},"end":{"line":21,"column":35}},{"start":{},"end":{}}]},"6":{"loc":{"start":{"line":22,"column":9},"end":{"line":22,"column":61}},"type":"cond-expr","locations":[{"start":{"line":22,"column":36},"end":{"line":22,"column":44}},{"start":{"line":22,"column":47},"end":{"line":22,"column":61}}]},"7":{"loc":{"start":{"line":30,"column":2},"end":{"line":36,"column":3}},"type":"if","locations":[{"start":{"line":30,"column":2},"end":{"line":36,"column":3}},{"start":{},"end":{}}]},"8":{"loc":{"start":{"line":32,"column":21},"end":{"line":32,"column":63}},"type":"cond-expr","locations":[{"start":{"line":32,"column":40},"end":{"line":32,"column":42}},{"start":{"line":32,"column":40},"end":{"line":32,"column":63}}]},"9":{"loc":{"start":{"line":32,"column":21},"end":{"line":32,"column":42}},"type":"binary-expr","locations":[{"start":{"line":32,"column":21},"end":{"line":32,"column":42}},{"start":{"line":32,"column":40},"end":{"line":32,"column":42}}]},"10":{"loc":{"start":{"line":37,"column":27},"end":{"line":37,"column":47}},"type":"binary-expr","locations":[{"start":{"line":37,"column":27},"end":{"line":37,"column":39}},{"start":{"line":37,"column":43},"end":{"line":37,"column":47}}]},"11":{"loc":{"start":{"line":41,"column":47},"end":{"line":41,"column":68}},"type":"binary-expr","locations":[{"start":{"line":41,"column":47},"end":{"line":41,"column":55}},{"start":{"line":41,"column":59},"end":{"line":41,"column":68}}]},"12":{"loc":{"start":{"line":42,"column":2},"end":{"line":44,"column":3}},"type":"if","locations":[{"start":{"line":42,"column":2},"end":{"line":44,"column":3}},{"start":{},"end":{}}]},"13":{"loc":{"start":{"line":43,"column":11},"end":{"line":43,"column":63}},"type":"cond-expr","locations":[{"start":{"line":43,"column":41},"end":{"line":43,"column":49}},{"start":{"line":43,"column":52},"end":{"line":43,"column":63}}]},"14":{"loc":{"start":{"line":45,"column":2},"end":{"line":47,"column":3}},"type":"if","locations":[{"start":{"line":45,"column":2},"end":{"line":47,"column":3}},{"start":{},"end":{}}]},"15":{"loc":{"start":{"line":46,"column":11},"end":{"line":46,"column":72}},"type":"cond-expr","locations":[{"start":{"line":46,"column":41},"end":{"line":46,"column":52}},{"start":{"line":46,"column":55},"end":{"line":46,"column":72}}]},"16":{"loc":{"start":{"line":51,"column":37},"end":{"line":51,"column":51}},"type":"default-arg","locations":[{"start":{"line":51,"column":48},"end":{"line":51,"column":51}}]},"17":{"loc":{"start":{"line":52,"column":2},"end":{"line":54,"column":3}},"type":"if","locations":[{"start":{"line":52,"column":2},"end":{"line":54,"column":3}},{"start":{},"end":{}}]},"18":{"loc":{"start":{"line":55,"column":2},"end":{"line":57,"column":3}},"type":"if","locations":[{"start":{"line":55,"column":2},"end":{"line":57,"column":3}},{"start":{},"end":{}}]},"19":{"loc":{"start":{"line":61,"column":34},"end":{"line":61,"column":48}},"type":"default-arg","locations":[{"start":{"line":61,"column":45},"end":{"line":61,"column":48}}]},"20":{"loc":{"start":{"line":64,"column":37},"end":{"line":64,"column":51}},"type":"default-arg","locations":[{"start":{"line":64,"column":48},"end":{"line":64,"column":51}}]},"21":{"loc":{"start":{"line":67,"column":34},"end":{"line":67,"column":48}},"type":"default-arg","locations":[{"start":{"line":67,"column":45},"end":{"line":67,"column":48}}]},"22":{"loc":{"start":{"line":69,"column":2},"end":{"line":74,"column":3}},"type":"if","locations":[{"start":{"line":69,"column":2},"end":{"line":74,"column":3}},{"start":{},"end":{}}]},"23":{"loc":{"start":{"line":72,"column":6},"end":{"line":72,"column":49}},"type":"if","locations":[{"start":{"line":72,"column":6},"end":{"line":72,"column":49}},{"start":{},"end":{}}]},"24":{"loc":{"start":{"line":75,"column":2},"end":{"line":80,"column":3}},"type":"if","locations":[{"start":{"line":75,"column":2},"end":{"line":80,"column":3}},{"start":{},"end":{}}]},"25":{"loc":{"start":{"line":78,"column":6},"end":{"line":78,"column":49}},"type":"if","locations":[{"start":{"line":78,"column":6},"end":{"line":78,"column":49}},{"start":{},"end":{}}]},"26":{"loc":{"start":{"line":81,"column":9},"end":{"line":81,"column":24}},"type":"binary-expr","locations":[{"start":{"line":81,"column":9},"end":{"line":81,"column":17}},{"start":{"line":81,"column":21},"end":{"line":81,"column":24}}]},"27":{"loc":{"start":{"line":86,"column":2},"end":{"line":86,"column":17}},"type":"default-arg","locations":[{"start":{"line":86,"column":14},"end":{"line":86,"column":17}}]},"28":{"loc":{"start":{"line":87,"column":2},"end":{"line":87,"column":44}},"type":"default-arg","locations":[{"start":{"line":87,"column":40},"end":{"line":87,"column":44}}]},"29":{"loc":{"start":{"line":91,"column":4},"end":{"line":91,"column":78}},"type":"cond-expr","locations":[{"start":{"line":91,"column":37},"end":{"line":91,"column":72}},{"start":{"line":91,"column":75},"end":{"line":91,"column":78}}]},"30":{"loc":{"start":{"line":91,"column":4},"end":{"line":91,"column":34}},"type":"binary-expr","locations":[{"start":{"line":91,"column":4},"end":{"line":91,"column":13}},{"start":{"line":91,"column":17},"end":{"line":91,"column":34}}]},"31":{"loc":{"start":{"line":93,"column":2},"end":{"line":95,"column":3}},"type":"if","locations":[{"start":{"line":93,"column":2},"end":{"line":95,"column":3}},{"start":{},"end":{}}]},"32":{"loc":{"start":{"line":96,"column":2},"end":{"line":98,"column":3}},"type":"if","locations":[{"start":{"line":96,"column":2},"end":{"line":98,"column":3}},{"start":{},"end":{}}]},"33":{"loc":{"start":{"line":103,"column":2},"end":{"line":103,"column":16}},"type":"default-arg","locations":[{"start":{"line":103,"column":13},"end":{"line":103,"column":16}}]},"34":{"loc":{"start":{"line":104,"column":2},"end":{"line":104,"column":44}},"type":"default-arg","locations":[{"start":{"line":104,"column":40},"end":{"line":104,"column":44}}]},"35":{"loc":{"start":{"line":107,"column":2},"end":{"line":109,"column":3}},"type":"if","locations":[{"start":{"line":107,"column":2},"end":{"line":109,"column":3}},{"start":{},"end":{}}]},"36":{"loc":{"start":{"line":108,"column":11},"end":{"line":108,"column":26}},"type":"binary-expr","locations":[{"start":{"line":108,"column":11},"end":{"line":108,"column":19}},{"start":{"line":108,"column":23},"end":{"line":108,"column":26}}]}},"s":{"0":1,"1":16,"2":16,"3":1,"4":108,"5":0,"6":108,"7":1,"8":13,"9":6,"10":7,"11":7,"12":1,"13":6,"14":1,"15":1,"16":1,"17":4,"18":4,"19":3,"20":3,"21":4,"22":1,"23":1,"24":12,"25":12,"26":5,"27":7,"28":5,"29":2,"30":1,"31":1,"32":29,"33":51,"34":11,"35":18,"36":44,"37":11,"38":7,"39":1,"40":1,"41":4,"42":1,"43":1,"44":4,"45":1,"46":1,"47":8,"48":8,"49":4,"50":6,"51":6,"52":4,"53":4,"54":3,"55":7,"56":7,"57":3,"58":1,"59":1,"60":1,"61":7,"62":7,"63":7,"64":1,"65":6,"66":1,"67":5,"68":1,"69":1,"70":4,"71":4,"72":1,"73":3,"74":3,"75":1},"f":{"0":16,"1":108,"2":13,"3":4,"4":12,"5":29,"6":51,"7":44,"8":4,"9":4,"10":8,"11":7,"12":4},"b":{"0":[16,0],"1":[6,10],"2":[0,108],"3":[108,99],"4":[6,7],"5":[1,6],"6":[6,0],"7":[3,1],"8":[0,3],"9":[3,3],"10":[4,1],"11":[12,0],"12":[5,7],"13":[4,1],"14":[5,2],"15":[1,4],"16":[0],"17":[11,18],"18":[11,7],"19":[0],"20":[0],"21":[0],"22":[4,4],"23":[4,2],"24":[3,1],"25":[3,4],"26":[1,0],"27":[0],"28":[0],"29":[6,1],"30":[7,7],"31":[1,6],"32":[1,5],"33":[0],"34":[0],"35":[1,3],"36":[1,0]}}
,"C:\\Users\\leduc\\Documents\\square-tuyen-dung-1\\frontend\\src\\configs\\routeConfig.ts": {"path":"C:\\Users\\leduc\\Documents\\square-tuyen-dung-1\\frontend\\src\\configs\\routeConfig.ts","statementMap":{"0":{"start":{"line":246,"column":0},"end":{"line":246,"column":16}},"1":{"start":{"line":367,"column":0},"end":{"line":367,"column":16}},"2":{"start":{"line":21,"column":13},"end":{"line":102,"column":11}},"3":{"start":{"line":105,"column":13},"end":{"line":105,"column":55}},"4":{"start":{"line":106,"column":13},"end":{"line":106,"column":55}},"5":{"start":{"line":108,"column":0},"end":{"line":114,"column":1}},"6":{"start":{"line":109,"column":2},"end":{"line":109,"column":24}},"7":{"start":{"line":111,"column":2},"end":{"line":113,"column":3}},"8":{"start":{"line":112,"column":4},"end":{"line":112,"column":26}},"9":{"start":{"line":120,"column":13},"end":{"line":234,"column":11}},"10":{"start":{"line":247,"column":31},"end":{"line":247,"column":33}},"11":{"start":{"line":250,"column":58},"end":{"line":277,"column":4}},"12":{"start":{"line":280,"column":47},"end":{"line":314,"column":4}},"13":{"start":{"line":317,"column":44},"end":{"line":339,"column":4}},"14":{"start":{"line":342,"column":48},"end":{"line":345,"column":4}},"15":{"start":{"line":348,"column":2},"end":{"line":350,"column":3}},"16":{"start":{"line":349,"column":4},"end":{"line":349,"column":40}},"17":{"start":{"line":351,"column":2},"end":{"line":353,"column":3}},"18":{"start":{"line":352,"column":4},"end":{"line":352,"column":40}},"19":{"start":{"line":354,"column":2},"end":{"line":356,"column":3}},"20":{"start":{"line":355,"column":4},"end":{"line":355,"column":40}},"21":{"start":{"line":357,"column":2},"end":{"line":359,"column":3}},"22":{"start":{"line":358,"column":4},"end":{"line":358,"column":40}},"23":{"start":{"line":361,"column":2},"end":{"line":361,"column":15}},"24":{"start":{"line":368,"column":2},"end":{"line":373,"column":4}}},"fnMap":{"0":{"name":"generateRewrites","decl":{"start":{"line":246,"column":16},"end":{"line":246,"column":32}},"loc":{"start":{"line":246,"column":32},"end":{"line":362,"column":1}}},"1":{"name":"generateRedirects","decl":{"start":{"line":367,"column":16},"end":{"line":367,"column":33}},"loc":{"start":{"line":367,"column":33},"end":{"line":374,"column":1}}}},"branchMap":{"0":{"loc":{"start":{"line":111,"column":2},"end":{"line":113,"column":3}},"type":"if","locations":[{"start":{"line":111,"column":2},"end":{"line":113,"column":3}},{"start":{},"end":{}}]}},"s":{"0":8,"1":8,"2":8,"3":8,"4":8,"5":8,"6":536,"7":536,"8":464,"9":8,"10":1,"11":1,"12":1,"13":1,"14":1,"15":1,"16":23,"17":1,"18":32,"19":1,"20":20,"21":1,"22":2,"23":1,"24":1},"f":{"0":1,"1":1},"b":{"0":[464,72]}}
,"C:\\Users\\leduc\\Documents\\square-tuyen-dung-1\\frontend\\src\\configs\\routeLocalization.ts": {"path":"C:\\Users\\leduc\\Documents\\square-tuyen-dung-1\\frontend\\src\\configs\\routeLocalization.ts","statementMap":{"0":{"start":{"line":7,"column":0},"end":{"line":7,"column":59}},"1":{"start":{"line":11,"column":26},"end":{"line":14,"column":1}},"2":{"start":{"line":12,"column":15},"end":{"line":12,"column":75}},"3":{"start":{"line":13,"column":2},"end":{"line":13,"column":37}},"4":{"start":{"line":16,"column":28},"end":{"line":27,"column":1}},"5":{"start":{"line":17,"column":2},"end":{"line":19,"column":3}},"6":{"start":{"line":18,"column":4},"end":{"line":18,"column":19}},"7":{"start":{"line":21,"column":29},"end":{"line":21,"column":56}},"8":{"start":{"line":22,"column":2},"end":{"line":24,"column":3}},"9":{"start":{"line":23,"column":4},"end":{"line":23,"column":44}},"10":{"start":{"line":26,"column":2},"end":{"line":26,"column":42}},"11":{"start":{"line":29,"column":27},"end":{"line":47,"column":1}},"12":{"start":{"line":30,"column":21},"end":{"line":30,"column":38}},"13":{"start":{"line":31,"column":20},"end":{"line":31,"column":37}},"14":{"start":{"line":32,"column":19},"end":{"line":32,"column":34}},"15":{"start":{"line":33,"column":18},"end":{"line":33,"column":32}},"16":{"start":{"line":35,"column":2},"end":{"line":37,"column":3}},"17":{"start":{"line":36,"column":4},"end":{"line":36,"column":42}},"18":{"start":{"line":39,"column":17},"end":{"line":39,"column":28}},"19":{"start":{"line":40,"column":2},"end":{"line":40,"column":58}},"20":{"start":{"line":40,"column":16},"end":{"line":40,"column":58}},"21":{"start":{"line":41,"column":2},"end":{"line":41,"column":56}},"22":{"start":{"line":41,"column":15},"end":{"line":41,"column":56}},"23":{"start":{"line":43,"column":2},"end":{"line":46,"column":4}},"24":{"start":{"line":49,"column":33},"end":{"line":63,"column":1}},"25":{"start":{"line":50,"column":2},"end":{"line":52,"column":3}},"26":{"start":{"line":51,"column":4},"end":{"line":51,"column":16}},"27":{"start":{"line":54,"column":31},"end":{"line":54,"column":55}},"28":{"start":{"line":55,"column":26},"end":{"line":55,"column":50}},"29":{"start":{"line":57,"column":28},"end":{"line":60,"column":14}},"30":{"start":{"line":59,"column":22},"end":{"line":59,"column":60}},"31":{"start":{"line":62,"column":2},"end":{"line":62,"column":98}},"32":{"start":{"line":49,"column":13},"end":{"line":49,"column":33}},"33":{"start":{"line":65,"column":41},"end":{"line":73,"column":1}},"34":{"start":{"line":66,"column":2},"end":{"line":68,"column":3}},"35":{"start":{"line":67,"column":4},"end":{"line":67,"column":18}},"36":{"start":{"line":70,"column":17},"end":{"line":70,"column":46}},"37":{"start":{"line":71,"column":17},"end":{"line":71,"column":46}},"38":{"start":{"line":72,"column":2},"end":{"line":72,"column":40}},"39":{"start":{"line":65,"column":13},"end":{"line":65,"column":41}}},"fnMap":{"0":{"name":"(anonymous_0)","decl":{"start":{"line":11,"column":26},"end":{"line":11,"column":27}},"loc":{"start":{"line":11,"column":69},"end":{"line":14,"column":1}}},"1":{"name":"(anonymous_1)","decl":{"start":{"line":16,"column":28},"end":{"line":16,"column":29}},"loc":{"start":{"line":16,"column":82},"end":{"line":27,"column":1}}},"2":{"name":"(anonymous_2)","decl":{"start":{"line":29,"column":27},"end":{"line":29,"column":28}},"loc":{"start":{"line":29,"column":79},"end":{"line":47,"column":1}}},"3":{"name":"(anonymous_3)","decl":{"start":{"line":49,"column":33},"end":{"line":49,"column":34}},"loc":{"start":{"line":49,"column":76},"end":{"line":63,"column":1}}},"4":{"name":"(anonymous_4)","decl":{"start":{"line":59,"column":9},"end":{"line":59,"column":10}},"loc":{"start":{"line":59,"column":22},"end":{"line":59,"column":60}}},"5":{"name":"(anonymous_5)","decl":{"start":{"line":65,"column":41},"end":{"line":65,"column":42}},"loc":{"start":{"line":65,"column":68},"end":{"line":73,"column":1}}}},"branchMap":{"0":{"loc":{"start":{"line":12,"column":16},"end":{"line":12,"column":32}},"type":"binary-expr","locations":[{"start":{"line":12,"column":16},"end":{"line":12,"column":24}},{"start":{"line":12,"column":28},"end":{"line":12,"column":32}}]},"1":{"loc":{"start":{"line":13,"column":9},"end":{"line":13,"column":36}},"type":"cond-expr","locations":[{"start":{"line":13,"column":25},"end":{"line":13,"column":29}},{"start":{"line":13,"column":32},"end":{"line":13,"column":36}}]},"2":{"loc":{"start":{"line":17,"column":2},"end":{"line":19,"column":3}},"type":"if","locations":[{"start":{"line":17,"column":2},"end":{"line":19,"column":3}},{"start":{},"end":{}}]},"3":{"loc":{"start":{"line":17,"column":6},"end":{"line":17,"column":60}},"type":"binary-expr","locations":[{"start":{"line":17,"column":6},"end":{"line":17,"column":14}},{"start":{"line":17,"column":18},"end":{"line":17,"column":41}},{"start":{"line":17,"column":45},"end":{"line":17,"column":60}}]},"4":{"loc":{"start":{"line":22,"column":2},"end":{"line":24,"column":3}},"type":"if","locations":[{"start":{"line":22,"column":2},"end":{"line":24,"column":3}},{"start":{},"end":{}}]},"5":{"loc":{"start":{"line":23,"column":11},"end":{"line":23,"column":43}},"type":"binary-expr","locations":[{"start":{"line":23,"column":11},"end":{"line":23,"column":32}},{"start":{"line":23,"column":36},"end":{"line":23,"column":43}}]},"6":{"loc":{"start":{"line":26,"column":9},"end":{"line":26,"column":41}},"type":"binary-expr","locations":[{"start":{"line":26,"column":9},"end":{"line":26,"column":30}},{"start":{"line":26,"column":34},"end":{"line":26,"column":41}}]},"7":{"loc":{"start":{"line":29,"column":28},"end":{"line":29,"column":37}},"type":"default-arg","locations":[{"start":{"line":29,"column":35},"end":{"line":29,"column":37}}]},"8":{"loc":{"start":{"line":35,"column":2},"end":{"line":37,"column":3}},"type":"if","locations":[{"start":{"line":35,"column":2},"end":{"line":37,"column":3}},{"start":{},"end":{}}]},"9":{"loc":{"start":{"line":35,"column":6},"end":{"line":35,"column":27}},"type":"binary-expr","locations":[{"start":{"line":35,"column":6},"end":{"line":35,"column":15}},{"start":{"line":35,"column":19},"end":{"line":35,"column":27}}]},"10":{"loc":{"start":{"line":40,"column":2},"end":{"line":40,"column":58}},"type":"if","locations":[{"start":{"line":40,"column":2},"end":{"line":40,"column":58}},{"start":{},"end":{}}]},"11":{"loc":{"start":{"line":41,"column":2},"end":{"line":41,"column":56}},"type":"if","locations":[{"start":{"line":41,"column":2},"end":{"line":41,"column":56}},{"start":{},"end":{}}]},"12":{"loc":{"start":{"line":50,"column":2},"end":{"line":52,"column":3}},"type":"if","locations":[{"start":{"line":50,"column":2},"end":{"line":52,"column":3}},{"start":{},"end":{}}]},"13":{"loc":{"start":{"line":50,"column":6},"end":{"line":50,"column":46}},"type":"binary-expr","locations":[{"start":{"line":50,"column":6},"end":{"line":50,"column":30}},{"start":{"line":50,"column":34},"end":{"line":50,"column":46}}]},"14":{"loc":{"start":{"line":62,"column":12},"end":{"line":62,"column":86}},"type":"cond-expr","locations":[{"start":{"line":62,"column":30},"end":{"line":62,"column":47}},{"start":{"line":62,"column":50},"end":{"line":62,"column":86}}]},"15":{"loc":{"start":{"line":66,"column":2},"end":{"line":68,"column":3}},"type":"if","locations":[{"start":{"line":66,"column":2},"end":{"line":68,"column":3}},{"start":{},"end":{}}]},"16":{"loc":{"start":{"line":66,"column":6},"end":{"line":66,"column":62}},"type":"binary-expr","locations":[{"start":{"line":66,"column":6},"end":{"line":66,"column":30}},{"start":{"line":66,"column":34},"end":{"line":66,"column":46}},{"start":{"line":66,"column":50},"end":{"line":66,"column":62}}]}},"s":{"0":3,"1":3,"2":114,"3":114,"4":3,"5":190,"6":76,"7":114,"8":114,"9":3,"10":111,"11":3,"12":68,"13":68,"14":68,"15":68,"16":68,"17":66,"18":2,"19":2,"20":1,"21":2,"22":1,"23":2,"24":3,"25":69,"26":1,"27":68,"28":68,"29":68,"30":190,"31":68,"32":3,"33":3,"34":2,"35":0,"36":2,"37":2,"38":2,"39":3},"f":{"0":114,"1":190,"2":68,"3":69,"4":190,"5":2},"b":{"0":[114,0],"1":[3,111],"2":[76,114],"3":[190,126,114],"4":[3,111],"5":[3,1],"6":[111,10],"7":[0],"8":[66,2],"9":[68,67],"10":[1,1],"11":[1,1],"12":[1,68],"13":[69,69],"14":[64,4],"15":[0,2],"16":[2,2,2]}}
,"C:\\Users\\leduc\\Documents\\square-tuyen-dung-1\\frontend\\src\\redux\\authSlice.ts": {"path":"C:\\Users\\leduc\\Documents\\square-tuyen-dung-1\\frontend\\src\\redux\\authSlice.ts","statementMap":{"0":{"start":{"line":1,"column":0},"end":{"line":1,"column":67}},"1":{"start":{"line":16,"column":27},"end":{"line":16,"column":40}},"2":{"start":{"line":18,"column":24},"end":{"line":32,"column":1}},"3":{"start":{"line":19,"column":2},"end":{"line":19,"column":49}},"4":{"start":{"line":19,"column":37},"end":{"line":19,"column":49}},"5":{"start":{"line":20,"column":2},"end":{"line":31,"column":3}},"6":{"start":{"line":21,"column":16},"end":{"line":21,"column":58}},"7":{"start":{"line":22,"column":4},"end":{"line":22,"column":26}},"8":{"start":{"line":22,"column":14},"end":{"line":22,"column":26}},"9":{"start":{"line":23,"column":19},"end":{"line":23,"column":56}},"10":{"start":{"line":24,"column":4},"end":{"line":24,"column":36}},"11":{"start":{"line":24,"column":24},"end":{"line":24,"column":36}},"12":{"start":{"line":25,"column":4},"end":{"line":28,"column":6}},"13":{"start":{"line":30,"column":4},"end":{"line":30,"column":16}},"14":{"start":{"line":34,"column":21},"end":{"line":34,"column":38}},"15":{"start":{"line":36,"column":32},"end":{"line":40,"column":2}},"16":{"start":{"line":42,"column":13},"end":{"line":53,"column":3}},"17":{"start":{"line":47,"column":59},"end":{"line":47,"column":73}},"18":{"start":{"line":48,"column":6},"end":{"line":48,"column":52}},"19":{"start":{"line":49,"column":6},"end":{"line":49,"column":26}},"20":{"start":{"line":50,"column":6},"end":{"line":50,"column":32}},"21":{"start":{"line":55,"column":29},"end":{"line":55,"column":38}},"22":{"start":{"line":56,"column":30},"end":{"line":56,"column":37}},"23":{"start":{"line":59,"column":9},"end":{"line":59,"column":26}},"24":{"start":{"line":58,"column":0},"end":{"line":58,"column":23}}},"fnMap":{"0":{"name":"(anonymous_0)","decl":{"start":{"line":18,"column":24},"end":{"line":18,"column":54}},"loc":{"start":{"line":18,"column":56},"end":{"line":32,"column":1}}},"1":{"name":"(anonymous_1)","decl":{"start":{"line":46,"column":23},"end":{"line":46,"column":24}},"loc":{"start":{"line":46,"column":76},"end":{"line":51,"column":5}}}},"branchMap":{"0":{"loc":{"start":{"line":19,"column":2},"end":{"line":19,"column":49}},"type":"if","locations":[{"start":{"line":19,"column":2},"end":{"line":19,"column":49}},{"start":{},"end":{}}]},"1":{"loc":{"start":{"line":22,"column":4},"end":{"line":22,"column":26}},"type":"if","locations":[{"start":{"line":22,"column":4},"end":{"line":22,"column":26}},{"start":{},"end":{}}]},"2":{"loc":{"start":{"line":24,"column":4},"end":{"line":24,"column":36}},"type":"if","locations":[{"start":{"line":24,"column":4},"end":{"line":24,"column":36}},{"start":{},"end":{}}]},"3":{"loc":{"start":{"line":24,"column":9},"end":{"line":24,"column":22}},"type":"cond-expr","locations":[{"start":{"line":24,"column":15},"end":{"line":24,"column":17}},{"start":{"line":24,"column":9},"end":{"line":24,"column":22}}]},"4":{"loc":{"start":{"line":24,"column":9},"end":{"line":24,"column":17}},"type":"binary-expr","locations":[{"start":{"line":24,"column":9},"end":{"line":24,"column":17}},{"start":{"line":24,"column":9},"end":{"line":24,"column":17}}]},"5":{"loc":{"start":{"line":27,"column":16},"end":{"line":27,"column":37}},"type":"binary-expr","locations":[{"start":{"line":27,"column":16},"end":{"line":27,"column":31}},{"start":{"line":27,"column":35},"end":{"line":27,"column":37}}]},"6":{"loc":{"start":{"line":37,"column":24},"end":{"line":37,"column":43}},"type":"cond-expr","locations":[{"start":{"line":37,"column":36},"end":{"line":37,"column":38}},{"start":{"line":37,"column":24},"end":{"line":37,"column":43}}]},"7":{"loc":{"start":{"line":37,"column":24},"end":{"line":37,"column":38}},"type":"binary-expr","locations":[{"start":{"line":37,"column":24},"end":{"line":37,"column":38}},{"start":{"line":37,"column":24},"end":{"line":37,"column":38}}]},"8":{"loc":{"start":{"line":38,"column":9},"end":{"line":38,"column":34}},"type":"binary-expr","locations":[{"start":{"line":38,"column":9},"end":{"line":38,"column":28}},{"start":{"line":38,"column":32},"end":{"line":38,"column":34}}]},"9":{"loc":{"start":{"line":38,"column":9},"end":{"line":38,"column":28}},"type":"cond-expr","locations":[{"start":{"line":38,"column":21},"end":{"line":38,"column":23}},{"start":{"line":38,"column":9},"end":{"line":38,"column":28}}]},"10":{"loc":{"start":{"line":38,"column":9},"end":{"line":38,"column":23}},"type":"binary-expr","locations":[{"start":{"line":38,"column":9},"end":{"line":38,"column":23}},{"start":{"line":38,"column":9},"end":{"line":38,"column":23}}]},"11":{"loc":{"start":{"line":39,"column":12},"end":{"line":39,"column":40}},"type":"binary-expr","locations":[{"start":{"line":39,"column":12},"end":{"line":39,"column":34}},{"start":{"line":39,"column":38},"end":{"line":39,"column":40}}]},"12":{"loc":{"start":{"line":39,"column":12},"end":{"line":39,"column":34}},"type":"cond-expr","locations":[{"start":{"line":39,"column":24},"end":{"line":39,"column":26}},{"start":{"line":39,"column":12},"end":{"line":39,"column":34}}]},"13":{"loc":{"start":{"line":39,"column":12},"end":{"line":39,"column":26}},"type":"binary-expr","locations":[{"start":{"line":39,"column":12},"end":{"line":39,"column":26}},{"start":{"line":39,"column":12},"end":{"line":39,"column":26}}]},"14":{"loc":{"start":{"line":47,"column":41},"end":{"line":47,"column":54}},"type":"default-arg","locations":[{"start":{"line":47,"column":52},"end":{"line":47,"column":54}}]}},"s":{"0":1,"1":1,"2":1,"3":1,"4":1,"5":0,"6":0,"7":0,"8":0,"9":0,"10":0,"11":0,"12":0,"13":0,"14":1,"15":1,"16":1,"17":3,"18":3,"19":3,"20":3,"21":1,"22":1,"23":1,"24":1},"f":{"0":1,"1":3},"b":{"0":[1,0],"1":[0,0],"2":[0,0],"3":[0,0],"4":[0,0],"5":[0,0],"6":[1,0],"7":[1,0],"8":[1,1],"9":[1,0],"10":[1,0],"11":[1,1],"12":[1,0],"13":[1,0],"14":[0]}}
,"C:\\Users\\leduc\\Documents\\square-tuyen-dung-1\\frontend\\src\\redux\\filterSlice.ts": {"path":"C:\\Users\\leduc\\Documents\\square-tuyen-dung-1\\frontend\\src\\redux\\filterSlice.ts","statementMap":{"0":{"start":{"line":1,"column":0},"end":{"line":1,"column":67}},"1":{"start":{"line":46,"column":44},"end":{"line":59,"column":2}},"2":{"start":{"line":61,"column":44},"end":{"line":66,"column":2}},"3":{"start":{"line":68,"column":42},"end":{"line":81,"column":2}},"4":{"start":{"line":83,"column":13},"end":{"line":116,"column":3}},"5":{"start":{"line":92,"column":6},"end":{"line":92,"column":43}},"6":{"start":{"line":95,"column":6},"end":{"line":98,"column":8}},"7":{"start":{"line":101,"column":6},"end":{"line":101,"column":56}},"8":{"start":{"line":104,"column":6},"end":{"line":104,"column":43}},"9":{"start":{"line":107,"column":6},"end":{"line":107,"column":56}},"10":{"start":{"line":110,"column":6},"end":{"line":110,"column":42}},"11":{"start":{"line":113,"column":6},"end":{"line":113,"column":54}},"12":{"start":{"line":118,"column":20},"end":{"line":118,"column":31}},"13":{"start":{"line":127,"column":4},"end":{"line":127,"column":23}},"14":{"start":{"line":131,"column":2},"end":{"line":131,"column":15}},"15":{"start":{"line":132,"column":2},"end":{"line":132,"column":26}},"16":{"start":{"line":133,"column":2},"end":{"line":133,"column":26}},"17":{"start":{"line":134,"column":2},"end":{"line":134,"column":15}},"18":{"start":{"line":135,"column":2},"end":{"line":135,"column":20}},"19":{"start":{"line":136,"column":2},"end":{"line":136,"column":14}},"20":{"start":{"line":137,"column":2},"end":{"line":137,"column":19}},"21":{"start":{"line":129,"column":0},"end":{"line":129,"column":23}}},"fnMap":{"0":{"name":"(anonymous_0)","decl":{"start":{"line":91,"column":19},"end":{"line":91,"column":20}},"loc":{"start":{"line":91,"column":67},"end":{"line":93,"column":5}}},"1":{"name":"(anonymous_1)","decl":{"start":{"line":94,"column":30},"end":{"line":94,"column":31}},"loc":{"start":{"line":94,"column":80},"end":{"line":99,"column":5}}},"2":{"name":"(anonymous_2)","decl":{"start":{"line":100,"column":30},"end":{"line":100,"column":31}},"loc":{"start":{"line":100,"column":40},"end":{"line":102,"column":5}}},"3":{"name":"(anonymous_3)","decl":{"start":{"line":103,"column":19},"end":{"line":103,"column":20}},"loc":{"start":{"line":103,"column":67},"end":{"line":105,"column":5}}},"4":{"name":"(anonymous_4)","decl":{"start":{"line":106,"column":24},"end":{"line":106,"column":25}},"loc":{"start":{"line":106,"column":34},"end":{"line":108,"column":5}}},"5":{"name":"(anonymous_5)","decl":{"start":{"line":109,"column":18},"end":{"line":109,"column":19}},"loc":{"start":{"line":109,"column":65},"end":{"line":111,"column":5}}},"6":{"name":"(anonymous_6)","decl":{"start":{"line":112,"column":23},"end":{"line":112,"column":24}},"loc":{"start":{"line":112,"column":33},"end":{"line":114,"column":5}}}},"branchMap":{"0":{"loc":{"start":{"line":97,"column":12},"end":{"line":97,"column":41}},"type":"cond-expr","locations":[{"start":{"line":97,"column":27},"end":{"line":97,"column":29}},{"start":{"line":97,"column":27},"end":{"line":97,"column":41}}]},"1":{"loc":{"start":{"line":97,"column":12},"end":{"line":97,"column":29}},"type":"binary-expr","locations":[{"start":{"line":97,"column":12},"end":{"line":97,"column":29}},{"start":{"line":97,"column":27},"end":{"line":97,"column":29}}]},"2":{"loc":{"start":{"line":97,"column":12},"end":{"line":97,"column":27}},"type":"cond-expr","locations":[{"start":{"line":97,"column":18},"end":{"line":97,"column":20}},{"start":{"line":97,"column":12},"end":{"line":97,"column":27}}]},"3":{"loc":{"start":{"line":97,"column":12},"end":{"line":97,"column":20}},"type":"binary-expr","locations":[{"start":{"line":97,"column":12},"end":{"line":97,"column":20}},{"start":{"line":97,"column":12},"end":{"line":97,"column":20}}]}},"s":{"0":1,"1":1,"2":1,"3":1,"4":1,"5":1,"6":3,"7":1,"8":2,"9":1,"10":1,"11":1,"12":1,"13":1,"14":1,"15":1,"16":1,"17":1,"18":1,"19":1,"20":1,"21":1},"f":{"0":1,"1":3,"2":1,"3":2,"4":1,"5":1,"6":1},"b":{"0":[0,3],"1":[3,3],"2":[0,3],"3":[3,3]}}
,"C:\\Users\\leduc\\Documents\\square-tuyen-dung-1\\frontend\\src\\redux\\profileSlice.ts": {"path":"C:\\Users\\leduc\\Documents\\square-tuyen-dung-1\\frontend\\src\\redux\\profileSlice.ts","statementMap":{"0":{"start":{"line":1,"column":0},"end":{"line":1,"column":47}},"1":{"start":{"line":10,"column":35},"end":{"line":14,"column":2}},"2":{"start":{"line":16,"column":13},"end":{"line":29,"column":3}},"3":{"start":{"line":26,"column":6},"end":{"line":26,"column":38}},"4":{"start":{"line":31,"column":20},"end":{"line":31,"column":32}},"5":{"start":{"line":32,"column":25},"end":{"line":32,"column":45}},"6":{"start":{"line":35,"column":9},"end":{"line":35,"column":21}},"7":{"start":{"line":34,"column":0},"end":{"line":34,"column":23}}},"fnMap":{"0":{"name":"(anonymous_0)","decl":{"start":{"line":25,"column":18},"end":{"line":25,"column":19}},"loc":{"start":{"line":25,"column":28},"end":{"line":27,"column":5}}}},"branchMap":{},"s":{"0":1,"1":1,"2":1,"3":3,"4":1,"5":1,"6":1,"7":1},"f":{"0":3},"b":{}}
,"C:\\Users\\leduc\\Documents\\square-tuyen-dung-1\\frontend\\src\\redux\\userSlice.ts": {"path":"C:\\Users\\leduc\\Documents\\square-tuyen-dung-1\\frontend\\src\\redux\\userSlice.ts","statementMap":{"0":{"start":{"line":1,"column":0},"end":{"line":1,"column":85}},"1":{"start":{"line":3,"column":0},"end":{"line":3,"column":50}},"2":{"start":{"line":4,"column":0},"end":{"line":4,"column":52}},"3":{"start":{"line":17,"column":26},"end":{"line":22,"column":null}},"4":{"start":{"line":20,"column":20},"end":{"line":20,"column":57}},"5":{"start":{"line":21,"column":4},"end":{"line":21,"column":36}},"6":{"start":{"line":204,"column":2},"end":{"line":204,"column":19}},"7":{"start":{"line":25,"column":20},"end":{"line":31,"column":null}},"8":{"start":{"line":28,"column":20},"end":{"line":28,"column":51}},"9":{"start":{"line":29,"column":4},"end":{"line":29,"column":43}},"10":{"start":{"line":30,"column":4},"end":{"line":30,"column":27}},"11":{"start":{"line":203,"column":2},"end":{"line":203,"column":13}},"12":{"start":{"line":34,"column":23},"end":{"line":39,"column":null}},"13":{"start":{"line":37,"column":20},"end":{"line":37,"column":54}},"14":{"start":{"line":38,"column":4},"end":{"line":38,"column":27}},"15":{"start":{"line":205,"column":2},"end":{"line":205,"column":16}},"16":{"start":{"line":42,"column":23},"end":{"line":49,"column":null}},"17":{"start":{"line":45,"column":25},"end":{"line":45,"column":82}},"18":{"start":{"line":46,"column":4},"end":{"line":48,"column":5}},"19":{"start":{"line":47,"column":6},"end":{"line":47,"column":60}},"20":{"start":{"line":206,"column":2},"end":{"line":206,"column":16}},"21":{"start":{"line":52,"column":21},"end":{"line":57,"column":null}},"22":{"start":{"line":55,"column":20},"end":{"line":55,"column":60}},"23":{"start":{"line":56,"column":4},"end":{"line":56,"column":27}},"24":{"start":{"line":207,"column":2},"end":{"line":207,"column":14}},"25":{"start":{"line":60,"column":21},"end":{"line":65,"column":null}},"26":{"start":{"line":63,"column":20},"end":{"line":63,"column":52}},"27":{"start":{"line":64,"column":4},"end":{"line":64,"column":27}},"28":{"start":{"line":208,"column":2},"end":{"line":208,"column":14}},"29":{"start":{"line":68,"column":37},"end":{"line":68,"column":55}},"30":{"start":{"line":72,"column":28},"end":{"line":80,"column":1}},"31":{"start":{"line":73,"column":2},"end":{"line":73,"column":49}},"32":{"start":{"line":73,"column":37},"end":{"line":73,"column":49}},"33":{"start":{"line":74,"column":2},"end":{"line":79,"column":3}},"34":{"start":{"line":75,"column":16},"end":{"line":75,"column":66}},"35":{"start":{"line":76,"column":4},"end":{"line":76,"column":65}},"36":{"start":{"line":78,"column":4},"end":{"line":78,"column":16}},"37":{"start":{"line":82,"column":27},"end":{"line":89,"column":1}},"38":{"start":{"line":83,"column":2},"end":{"line":83,"column":30}},"39":{"start":{"line":83,"column":18},"end":{"line":83,"column":30}},"40":{"start":{"line":84,"column":2},"end":{"line":88,"column":4}},"41":{"start":{"line":91,"column":31},"end":{"line":123,"column":1}},"42":{"start":{"line":96,"column":24},"end":{"line":96,"column":67}},"43":{"start":{"line":97,"column":2},"end":{"line":97,"column":41}},"44":{"start":{"line":97,"column":29},"end":{"line":97,"column":41}},"45":{"start":{"line":99,"column":2},"end":{"line":108,"column":3}},"46":{"start":{"line":100,"column":18},"end":{"line":106,"column":6}},"47":{"start":{"line":101,"column":6},"end":{"line":101,"column":58}},"48":{"start":{"line":101,"column":45},"end":{"line":101,"column":58}},"49":{"start":{"line":102,"column":6},"end":{"line":104,"column":7}},"50":{"start":{"line":103,"column":8},"end":{"line":103,"column":75}},"51":{"start":{"line":105,"column":6},"end":{"line":105,"column":18}},"52":{"start":{"line":107,"column":4},"end":{"line":107,"column":48}},"53":{"start":{"line":107,"column":15},"end":{"line":107,"column":48}},"54":{"start":{"line":110,"column":27},"end":{"line":110,"column":81}},"55":{"start":{"line":110,"column":61},"end":{"line":110,"column":80}},"56":{"start":{"line":111,"column":2},"end":{"line":111,"column":68}},"57":{"start":{"line":111,"column":24},"end":{"line":111,"column":68}},"58":{"start":{"line":113,"column":2},"end":{"line":117,"column":3}},"59":{"start":{"line":114,"column":25},"end":{"line":114,"column":88}},"60":{"start":{"line":114,"column":59},"end":{"line":114,"column":87}},"61":{"start":{"line":115,"column":4},"end":{"line":115,"column":62}},"62":{"start":{"line":115,"column":22},"end":{"line":115,"column":62}},"63":{"start":{"line":116,"column":4},"end":{"line":116,"column":16}},"64":{"start":{"line":119,"column":25},"end":{"line":119,"column":91}},"65":{"start":{"line":119,"column":59},"end":{"line":119,"column":90}},"66":{"start":{"line":120,"column":2},"end":{"line":120,"column":64}},"67":{"start":{"line":120,"column":22},"end":{"line":120,"column":64}},"68":{"start":{"line":122,"column":2},"end":{"line":122,"column":46}},"69":{"start":{"line":125,"column":24},"end":{"line":125,"column":45}},"70":{"start":{"line":127,"column":32},"end":{"line":131,"column":2}},"71":{"start":{"line":133,"column":13},"end":{"line":196,"column":3}},"72":{"start":{"line":138,"column":6},"end":{"line":138,"column":65}},"73":{"start":{"line":143,"column":4},"end":{"line":153,"column":7}},"74":{"start":{"line":144,"column":6},"end":{"line":144,"column":35}},"75":{"start":{"line":145,"column":6},"end":{"line":145,"column":41}},"76":{"start":{"line":146,"column":6},"end":{"line":152,"column":7}},"77":{"start":{"line":147,"column":8},"end":{"line":151,"column":10}},"78":{"start":{"line":155,"column":4},"end":{"line":163,"column":7}},"79":{"start":{"line":156,"column":6},"end":{"line":156,"column":35}},"80":{"start":{"line":157,"column":6},"end":{"line":157,"column":41}},"81":{"start":{"line":158,"column":6},"end":{"line":162,"column":8}},"82":{"start":{"line":165,"column":4},"end":{"line":176,"column":7}},"83":{"start":{"line":166,"column":29},"end":{"line":168,"column":null}},"84":{"start":{"line":170,"column":6},"end":{"line":170,"column":35}},"85":{"start":{"line":171,"column":6},"end":{"line":175,"column":8}},"86":{"start":{"line":178,"column":4},"end":{"line":182,"column":7}},"87":{"start":{"line":179,"column":6},"end":{"line":179,"column":36}},"88":{"start":{"line":180,"column":6},"end":{"line":180,"column":31}},"89":{"start":{"line":181,"column":6},"end":{"line":181,"column":35}},"90":{"start":{"line":184,"column":4},"end":{"line":188,"column":7}},"91":{"start":{"line":185,"column":6},"end":{"line":187,"column":7}},"92":{"start":{"line":186,"column":8},"end":{"line":186,"column":72}},"93":{"start":{"line":190,"column":4},"end":{"line":194,"column":7}},"94":{"start":{"line":191,"column":6},"end":{"line":193,"column":7}},"95":{"start":{"line":192,"column":8},"end":{"line":192,"column":72}},"96":{"start":{"line":198,"column":20},"end":{"line":198,"column":29}},"97":{"start":{"line":199,"column":31},"end":{"line":199,"column":48}},"98":{"start":{"line":209,"column":2},"end":{"line":209,"column":20}},"99":{"start":{"line":201,"column":0},"end":{"line":201,"column":23}}},"fnMap":{"0":{"name":"(anonymous_1)","decl":{"start":{"line":19,"column":2},"end":{"line":19,"column":7}},"loc":{"start":{"line":19,"column":13},"end":{"line":22,"column":3}}},"1":{"name":"(anonymous_2)","decl":{"start":{"line":27,"column":2},"end":{"line":27,"column":7}},"loc":{"start":{"line":27,"column":24},"end":{"line":31,"column":3}}},"2":{"name":"(anonymous_3)","decl":{"start":{"line":36,"column":2},"end":{"line":36,"column":7}},"loc":{"start":{"line":36,"column":17},"end":{"line":39,"column":3}}},"3":{"name":"(anonymous_4)","decl":{"start":{"line":44,"column":2},"end":{"line":44,"column":7}},"loc":{"start":{"line":44,"column":13},"end":{"line":49,"column":3}}},"4":{"name":"(anonymous_5)","decl":{"start":{"line":54,"column":2},"end":{"line":54,"column":7}},"loc":{"start":{"line":54,"column":21},"end":{"line":57,"column":3}}},"5":{"name":"(anonymous_6)","decl":{"start":{"line":62,"column":2},"end":{"line":62,"column":7}},"loc":{"start":{"line":62,"column":13},"end":{"line":65,"column":3}}},"6":{"name":"(anonymous_7)","decl":{"start":{"line":72,"column":28},"end":{"line":72,"column":59}},"loc":{"start":{"line":72,"column":61},"end":{"line":80,"column":1}}},"7":{"name":"(anonymous_8)","decl":{"start":{"line":82,"column":27},"end":{"line":82,"column":28}},"loc":{"start":{"line":82,"column":83},"end":{"line":89,"column":1}}},"8":{"name":"(anonymous_9)","decl":{"start":{"line":91,"column":31},"end":{"line":91,"column":null}},"loc":{"start":{"line":95,"column":32},"end":{"line":123,"column":1}}},"9":{"name":"(anonymous_10)","decl":{"start":{"line":100,"column":37},"end":{"line":100,"column":38}},"loc":{"start":{"line":100,"column":51},"end":{"line":106,"column":5}}},"10":{"name":"(anonymous_11)","decl":{"start":{"line":110,"column":46},"end":{"line":110,"column":47}},"loc":{"start":{"line":110,"column":61},"end":{"line":110,"column":80}}},"11":{"name":"(anonymous_12)","decl":{"start":{"line":114,"column":44},"end":{"line":114,"column":45}},"loc":{"start":{"line":114,"column":59},"end":{"line":114,"column":87}}},"12":{"name":"(anonymous_13)","decl":{"start":{"line":119,"column":44},"end":{"line":119,"column":45}},"loc":{"start":{"line":119,"column":59},"end":{"line":119,"column":90}}},"13":{"name":"(anonymous_14)","decl":{"start":{"line":137,"column":24},"end":{"line":137,"column":25}},"loc":{"start":{"line":137,"column":71},"end":{"line":140,"column":5}}},"14":{"name":"(anonymous_15)","decl":{"start":{"line":142,"column":17},"end":{"line":142,"column":18}},"loc":{"start":{"line":142,"column":29},"end":{"line":195,"column":3}}},"15":{"name":"(anonymous_16)","decl":{"start":{"line":143,"column":43},"end":{"line":143,"column":44}},"loc":{"start":{"line":143,"column":61},"end":{"line":153,"column":5}}},"16":{"name":"(anonymous_17)","decl":{"start":{"line":155,"column":46},"end":{"line":155,"column":47}},"loc":{"start":{"line":155,"column":64},"end":{"line":163,"column":5}}},"17":{"name":"(anonymous_18)","decl":{"start":{"line":165,"column":49},"end":{"line":165,"column":50}},"loc":{"start":{"line":165,"column":67},"end":{"line":176,"column":5}}},"18":{"name":"(anonymous_19)","decl":{"start":{"line":178,"column":46},"end":{"line":178,"column":47}},"loc":{"start":{"line":178,"column":56},"end":{"line":182,"column":5}}},"19":{"name":"(anonymous_20)","decl":{"start":{"line":184,"column":44},"end":{"line":184,"column":45}},"loc":{"start":{"line":184,"column":62},"end":{"line":188,"column":5}}},"20":{"name":"(anonymous_21)","decl":{"start":{"line":190,"column":44},"end":{"line":190,"column":45}},"loc":{"start":{"line":190,"column":62},"end":{"line":194,"column":5}}}},"branchMap":{"0":{"loc":{"start":{"line":46,"column":4},"end":{"line":48,"column":5}},"type":"if","locations":[{"start":{"line":46,"column":4},"end":{"line":48,"column":5}},{"start":{},"end":{}}]},"1":{"loc":{"start":{"line":73,"column":2},"end":{"line":73,"column":49}},"type":"if","locations":[{"start":{"line":73,"column":2},"end":{"line":73,"column":49}},{"start":{},"end":{}}]},"2":{"loc":{"start":{"line":76,"column":11},"end":{"line":76,"column":64}},"type":"cond-expr","locations":[{"start":{"line":76,"column":18},"end":{"line":76,"column":57}},{"start":{"line":76,"column":60},"end":{"line":76,"column":64}}]},"3":{"loc":{"start":{"line":83,"column":2},"end":{"line":83,"column":30}},"type":"if","locations":[{"start":{"line":83,"column":2},"end":{"line":83,"column":30}},{"start":{},"end":{}}]},"4":{"loc":{"start":{"line":86,"column":15},"end":{"line":86,"column":42}},"type":"binary-expr","locations":[{"start":{"line":86,"column":15},"end":{"line":86,"column":34}},{"start":{"line":86,"column":38},"end":{"line":86,"column":42}}]},"5":{"loc":{"start":{"line":87,"column":11},"end":{"line":87,"column":32}},"type":"binary-expr","locations":[{"start":{"line":87,"column":11},"end":{"line":87,"column":26}},{"start":{"line":87,"column":30},"end":{"line":87,"column":32}}]},"6":{"loc":{"start":{"line":96,"column":24},"end":{"line":96,"column":67}},"type":"cond-expr","locations":[{"start":{"line":96,"column":52},"end":{"line":96,"column":62}},{"start":{"line":96,"column":65},"end":{"line":96,"column":67}}]},"7":{"loc":{"start":{"line":97,"column":2},"end":{"line":97,"column":41}},"type":"if","locations":[{"start":{"line":97,"column":2},"end":{"line":97,"column":41}},{"start":{},"end":{}}]},"8":{"loc":{"start":{"line":99,"column":2},"end":{"line":108,"column":3}},"type":"if","locations":[{"start":{"line":99,"column":2},"end":{"line":108,"column":3}},{"start":{},"end":{}}]},"9":{"loc":{"start":{"line":99,"column":6},"end":{"line":99,"column":21}},"type":"cond-expr","locations":[{"start":{"line":99,"column":15},"end":{"line":99,"column":17}},{"start":{"line":99,"column":6},"end":{"line":99,"column":21}}]},"10":{"loc":{"start":{"line":99,"column":6},"end":{"line":99,"column":17}},"type":"binary-expr","locations":[{"start":{"line":99,"column":6},"end":{"line":99,"column":17}},{"start":{"line":99,"column":6},"end":{"line":99,"column":17}}]},"11":{"loc":{"start":{"line":101,"column":6},"end":{"line":101,"column":58}},"type":"if","locations":[{"start":{"line":101,"column":6},"end":{"line":101,"column":58}},{"start":{},"end":{}}]},"12":{"loc":{"start":{"line":102,"column":6},"end":{"line":104,"column":7}},"type":"if","locations":[{"start":{"line":102,"column":6},"end":{"line":104,"column":7}},{"start":{},"end":{}}]},"13":{"loc":{"start":{"line":107,"column":4},"end":{"line":107,"column":48}},"type":"if","locations":[{"start":{"line":107,"column":4},"end":{"line":107,"column":48}},{"start":{},"end":{}}]},"14":{"loc":{"start":{"line":111,"column":2},"end":{"line":111,"column":68}},"type":"if","locations":[{"start":{"line":111,"column":2},"end":{"line":111,"column":68}},{"start":{},"end":{}}]},"15":{"loc":{"start":{"line":113,"column":2},"end":{"line":117,"column":3}},"type":"if","locations":[{"start":{"line":113,"column":2},"end":{"line":117,"column":3}},{"start":{},"end":{}}]},"16":{"loc":{"start":{"line":113,"column":6},"end":{"line":113,"column":27}},"type":"cond-expr","locations":[{"start":{"line":113,"column":17},"end":{"line":113,"column":19}},{"start":{"line":113,"column":6},"end":{"line":113,"column":27}}]},"17":{"loc":{"start":{"line":113,"column":6},"end":{"line":113,"column":19}},"type":"binary-expr","locations":[{"start":{"line":113,"column":6},"end":{"line":113,"column":19}},{"start":{"line":113,"column":6},"end":{"line":113,"column":19}}]},"18":{"loc":{"start":{"line":115,"column":4},"end":{"line":115,"column":62}},"type":"if","locations":[{"start":{"line":115,"column":4},"end":{"line":115,"column":62}},{"start":{},"end":{}}]},"19":{"loc":{"start":{"line":120,"column":2},"end":{"line":120,"column":64}},"type":"if","locations":[{"start":{"line":120,"column":2},"end":{"line":120,"column":64}},{"start":{},"end":{}}]},"20":{"loc":{"start":{"line":146,"column":6},"end":{"line":152,"column":7}},"type":"if","locations":[{"start":{"line":146,"column":6},"end":{"line":152,"column":7}},{"start":{},"end":{}}]},"21":{"loc":{"start":{"line":146,"column":10},"end":{"line":146,"column":87}},"type":"binary-expr","locations":[{"start":{"line":146,"column":10},"end":{"line":146,"column":51}},{"start":{"line":146,"column":55},"end":{"line":146,"column":87}}]},"22":{"loc":{"start":{"line":146,"column":24},"end":{"line":146,"column":50}},"type":"cond-expr","locations":[{"start":{"line":146,"column":38},"end":{"line":146,"column":40}},{"start":{"line":146,"column":38},"end":{"line":146,"column":50}}]},"23":{"loc":{"start":{"line":146,"column":24},"end":{"line":146,"column":40}},"type":"binary-expr","locations":[{"start":{"line":146,"column":24},"end":{"line":146,"column":40}},{"start":{"line":146,"column":38},"end":{"line":146,"column":40}}]},"24":{"loc":{"start":{"line":149,"column":10},"end":{"line":149,"column":50}},"type":"binary-expr","locations":[{"start":{"line":149,"column":10},"end":{"line":149,"column":31}},{"start":{"line":149,"column":35},"end":{"line":149,"column":50}}]},"25":{"loc":{"start":{"line":159,"column":8},"end":{"line":159,"column":34}},"type":"cond-expr","locations":[{"start":{"line":159,"column":22},"end":{"line":159,"column":24}},{"start":{"line":159,"column":22},"end":{"line":159,"column":34}}]},"26":{"loc":{"start":{"line":159,"column":8},"end":{"line":159,"column":24}},"type":"binary-expr","locations":[{"start":{"line":159,"column":8},"end":{"line":159,"column":24}},{"start":{"line":159,"column":22},"end":{"line":159,"column":24}}]},"27":{"loc":{"start":{"line":160,"column":8},"end":{"line":160,"column":48}},"type":"binary-expr","locations":[{"start":{"line":160,"column":8},"end":{"line":160,"column":29}},{"start":{"line":160,"column":33},"end":{"line":160,"column":48}}]},"28":{"loc":{"start":{"line":168,"column":12},"end":{"line":168,"column":32}},"type":"binary-expr","locations":[{"start":{"line":168,"column":12},"end":{"line":168,"column":26}},{"start":{"line":168,"column":30},"end":{"line":168,"column":32}}]},"29":{"loc":{"start":{"line":172,"column":8},"end":{"line":172,"column":34}},"type":"cond-expr","locations":[{"start":{"line":172,"column":22},"end":{"line":172,"column":24}},{"start":{"line":172,"column":22},"end":{"line":172,"column":34}}]},"30":{"loc":{"start":{"line":172,"column":8},"end":{"line":172,"column":24}},"type":"binary-expr","locations":[{"start":{"line":172,"column":8},"end":{"line":172,"column":24}},{"start":{"line":172,"column":22},"end":{"line":172,"column":24}}]},"31":{"loc":{"start":{"line":173,"column":8},"end":{"line":173,"column":48}},"type":"binary-expr","locations":[{"start":{"line":173,"column":8},"end":{"line":173,"column":29}},{"start":{"line":173,"column":33},"end":{"line":173,"column":48}}]},"32":{"loc":{"start":{"line":185,"column":6},"end":{"line":187,"column":7}},"type":"if","locations":[{"start":{"line":185,"column":6},"end":{"line":187,"column":7}},{"start":{},"end":{}}]},"33":{"loc":{"start":{"line":186,"column":38},"end":{"line":186,"column":71}},"type":"binary-expr","locations":[{"start":{"line":186,"column":38},"end":{"line":186,"column":63}},{"start":{"line":186,"column":67},"end":{"line":186,"column":71}}]},"34":{"loc":{"start":{"line":186,"column":38},"end":{"line":186,"column":63}},"type":"cond-expr","locations":[{"start":{"line":186,"column":52},"end":{"line":186,"column":54}},{"start":{"line":186,"column":52},"end":{"line":186,"column":63}}]},"35":{"loc":{"start":{"line":186,"column":38},"end":{"line":186,"column":54}},"type":"binary-expr","locations":[{"start":{"line":186,"column":38},"end":{"line":186,"column":54}},{"start":{"line":186,"column":52},"end":{"line":186,"column":54}}]},"36":{"loc":{"start":{"line":191,"column":6},"end":{"line":193,"column":7}},"type":"if","locations":[{"start":{"line":191,"column":6},"end":{"line":193,"column":7}},{"start":{},"end":{}}]},"37":{"loc":{"start":{"line":192,"column":38},"end":{"line":192,"column":71}},"type":"binary-expr","locations":[{"start":{"line":192,"column":38},"end":{"line":192,"column":63}},{"start":{"line":192,"column":67},"end":{"line":192,"column":71}}]},"38":{"loc":{"start":{"line":192,"column":38},"end":{"line":192,"column":63}},"type":"cond-expr","locations":[{"start":{"line":192,"column":52},"end":{"line":192,"column":54}},{"start":{"line":192,"column":52},"end":{"line":192,"column":63}}]},"39":{"loc":{"start":{"line":192,"column":38},"end":{"line":192,"column":54}},"type":"binary-expr","locations":[{"start":{"line":192,"column":38},"end":{"line":192,"column":54}},{"start":{"line":192,"column":52},"end":{"line":192,"column":54}}]}},"s":{"0":1,"1":1,"2":1,"3":1,"4":0,"5":0,"6":1,"7":1,"8":0,"9":0,"10":0,"11":1,"12":1,"13":0,"14":0,"15":1,"16":1,"17":0,"18":0,"19":0,"20":1,"21":1,"22":0,"23":0,"24":1,"25":1,"26":0,"27":0,"28":1,"29":1,"30":1,"31":1,"32":1,"33":0,"34":0,"35":0,"36":0,"37":1,"38":6,"39":1,"40":5,"41":1,"42":4,"43":4,"44":0,"45":4,"46":1,"47":2,"48":1,"49":1,"50":0,"51":1,"52":1,"53":1,"54":3,"55":5,"56":3,"57":1,"58":2,"59":1,"60":2,"61":1,"62":1,"63":0,"64":1,"65":1,"66":1,"67":0,"68":1,"69":1,"70":1,"71":1,"72":2,"73":1,"74":2,"75":2,"76":2,"77":2,"78":1,"79":0,"80":0,"81":0,"82":1,"83":2,"84":2,"85":2,"86":1,"87":1,"88":1,"89":1,"90":1,"91":0,"92":0,"93":1,"94":0,"95":0,"96":1,"97":1,"98":1,"99":1},"f":{"0":0,"1":0,"2":0,"3":0,"4":0,"5":0,"6":1,"7":6,"8":4,"9":2,"10":5,"11":2,"12":1,"13":2,"14":1,"15":2,"16":0,"17":2,"18":1,"19":0,"20":0},"b":{"0":[0,0],"1":[1,0],"2":[0,0],"3":[1,5],"4":[5,2],"5":[5,0],"6":[4,0],"7":[0,4],"8":[1,3],"9":[3,1],"10":[4,1],"11":[1,1],"12":[0,1],"13":[1,0],"14":[1,2],"15":[1,1],"16":[0,2],"17":[2,2],"18":[1,0],"19":[0,1],"20":[2,0],"21":[2,2],"22":[0,2],"23":[2,2],"24":[2,1],"25":[0,0],"26":[0,0],"27":[0,0],"28":[2,0],"29":[0,2],"30":[2,2],"31":[2,2],"32":[0,0],"33":[0,0],"34":[0,0],"35":[0,0],"36":[0,0],"37":[0,0],"38":[0,0],"39":[0,0]}}
[...]
,"C:\\Users\\leduc\\Documents\\square-tuyen-dung-1\\frontend\\src\\utils\\presignUrl.ts": {"path":"C:\\Users\\leduc\\Documents\\square-tuyen-dung-1\\frontend\\src\\utils\\presignUrl.ts","statementMap":{"0":{"start":{"line":1,"column":0},"end":{"line":1,"column":26}},"1":{"start":{"line":2,"column":0},"end":{"line":2,"column":52}},"2":{"start":{"line":4,"column":20},"end":{"line":7,"column":1}},"3":{"start":{"line":5,"column":2},"end":{"line":5,"column":52}},"4":{"start":{"line":5,"column":39},"end":{"line":5,"column":52}},"5":{"start":{"line":6,"column":2},"end":{"line":6,"column":78}},"6":{"start":{"line":9,"column":25},"end":{"line":26,"column":1}},"7":{"start":{"line":10,"column":2},"end":{"line":10,"column":52}},"8":{"start":{"line":10,"column":39},"end":{"line":10,"column":52}},"9":{"start":{"line":11,"column":2},"end":{"line":11,"column":43}},"10":{"start":{"line":11,"column":31},"end":{"line":11,"column":43}},"11":{"start":{"line":13,"column":2},"end":{"line":20,"column":3}},"12":{"start":{"line":14,"column":19},"end":{"line":14,"column":31}},"13":{"start":{"line":15,"column":4},"end":{"line":15,"column":70}},"14":{"start":{"line":15,"column":58},"end":{"line":15,"column":70}},"15":{"start":{"line":16,"column":4},"end":{"line":16,"column":55}},"16":{"start":{"line":16,"column":43},"end":{"line":16,"column":55}},"17":{"start":{"line":17,"column":4},"end":{"line":17,"column":55}},"18":{"start":{"line":17,"column":43},"end":{"line":17,"column":55}},"19":{"start":{"line":22,"column":25},"end":{"line":22,"column":65}},"20":{"start":{"line":23,"column":2},"end":{"line":23,"column":68}},"21":{"start":{"line":23,"column":56},"end":{"line":23,"column":68}},"22":{"start":{"line":25,"column":2},"end":{"line":25,"column":15}},"23":{"start":{"line":28,"column":19},"end":{"line":30,"column":1}},"24":{"start":{"line":29,"column":2},"end":{"line":29,"column":53}},"25":{"start":{"line":32,"column":23},"end":{"line":33,"column":41}},"26":{"start":{"line":33,"column":2},"end":{"line":33,"column":41}},"27":{"start":{"line":35,"column":23},"end":{"line":45,"column":1}},"28":{"start":{"line":36,"column":22},"end":{"line":36,"column":61}},"29":{"start":{"line":37,"column":18},"end":{"line":37,"column":79}},"30":{"start":{"line":38,"column":19},"end":{"line":42,"column":4}},"31":{"start":{"line":43,"column":15},"end":{"line":43,"column":66}},"32":{"start":{"line":44,"column":2},"end":{"line":44,"column":27}},"33":{"start":{"line":47,"column":34},"end":{"line":60,"column":1}},"34":{"start":{"line":50,"column":2},"end":{"line":52,"column":3}},"35":{"start":{"line":51,"column":4},"end":{"line":51,"column":15}},"36":{"start":{"line":54,"column":2},"end":{"line":59,"column":3}},"37":{"start":{"line":55,"column":22},"end":{"line":55,"column":47}},"38":{"start":{"line":56,"column":4},"end":{"line":56,"column":28}},"39":{"start":{"line":58,"column":4},"end":{"line":58,"column":15}},"40":{"start":{"line":47,"column":13},"end":{"line":47,"column":34}},"41":{"start":{"line":76,"column":31},"end":{"line":141,"column":1}},"42":{"start":{"line":80,"column":2},"end":{"line":80,"column":56}},"43":{"start":{"line":80,"column":43},"end":{"line":80,"column":56}},"44":{"start":{"line":84,"column":2},"end":{"line":88,"column":3}},"45":{"start":{"line":85,"column":4},"end":{"line":85,"column":35}},"46":{"start":{"line":87,"column":4},"end":{"line":87,"column":68}},"47":{"start":{"line":91,"column":35},"end":{"line":91,"column":37}},"48":{"start":{"line":92,"column":18},"end":{"line":92,"column":31}},"49":{"start":{"line":94,"column":15},"end":{"line":112,"column":3}},"50":{"start":{"line":95,"column":4},"end":{"line":95,"column":54}},"51":{"start":{"line":95,"column":47},"end":{"line":95,"column":54}},"52":{"start":{"line":96,"column":4},"end":{"line":96,"column":41}},"53":{"start":{"line":96,"column":34},"end":{"line":96,"column":41}},"54":{"start":{"line":97,"column":4},"end":{"line":97,"column":44}},"55":{"start":{"line":97,"column":37},"end":{"line":97,"column":44}},"56":{"start":{"line":98,"column":4},"end":{"line":98,"column":32}},"57":{"start":{"line":100,"column":20},"end":{"line":102,"column":55}},"58":{"start":{"line":101,"column":27},"end":{"line":101,"column":42}},"59":{"start":{"line":104,"column":4},"end":{"line":111,"column":5}},"60":{"start":{"line":105,"column":6},"end":{"line":105,"column":46}},"61":{"start":{"line":105,"column":40},"end":{"line":105,"column":46}},"62":{"start":{"line":106,"column":6},"end":{"line":110,"column":7}},"63":{"start":{"line":107,"column":8},"end":{"line":107,"column":59}},"64":{"start":{"line":108,"column":13},"end":{"line":110,"column":7}},"65":{"start":{"line":109,"column":8},"end":{"line":109,"column":34}},"66":{"start":{"line":114,"column":2},"end":{"line":114,"column":18}},"67":{"start":{"line":116,"column":2},"end":{"line":116,"column":43}},"68":{"start":{"line":116,"column":30},"end":{"line":116,"column":43}},"69":{"start":{"line":119,"column":27},"end":{"line":125,"column":null}},"70":{"start":{"line":121,"column":6},"end":{"line":124,"column":9}},"71":{"start":{"line":121,"column":52},"end":{"line":124,"column":8}},"72":{"start":{"line":129,"column":2},"end":{"line":138,"column":3}},"73":{"start":{"line":130,"column":4},"end":{"line":130,"column":48}},"74":{"start":{"line":130,"column":39},"end":{"line":130,"column":48}},"75":{"start":{"line":132,"column":26},"end":{"line":132,"column":31}},"76":{"start":{"line":133,"column":4},"end":{"line":135,"column":5}},"77":{"start":{"line":133,"column":17},"end":{"line":133,"column":18}},"78":{"start":{"line":134,"column":6},"end":{"line":134,"column":69}},"79":{"start":{"line":136,"column":20},"end":{"line":136,"column":41}},"80":{"start":{"line":137,"column":5},"end":{"line":137,"column":70}},"81":{"start":{"line":140,"column":2},"end":{"line":140,"column":15}},"82":{"start":{"line":76,"column":13},"end":{"line":76,"column":31}}},"fnMap":{"0":{"name":"(anonymous_1)","decl":{"start":{"line":4,"column":20},"end":{"line":4,"column":21}},"loc":{"start":{"line":4,"column":64},"end":{"line":7,"column":1}}},"1":{"name":"(anonymous_2)","decl":{"start":{"line":9,"column":25},"end":{"line":9,"column":26}},"loc":{"start":{"line":9,"column":69},"end":{"line":26,"column":1}}},"2":{"name":"(anonymous_3)","decl":{"start":{"line":28,"column":19},"end":{"line":28,"column":30}},"loc":{"start":{"line":28,"column":32},"end":{"line":30,"column":1}}},"3":{"name":"(anonymous_4)","decl":{"start":{"line":32,"column":23},"end":{"line":32,"column":24}},"loc":{"start":{"line":32,"column":76},"end":{"line":33,"column":41}}},"4":{"name":"(anonymous_5)","decl":{"start":{"line":35,"column":23},"end":{"line":35,"column":28}},"loc":{"start":{"line":35,"column":69},"end":{"line":45,"column":1}}},"5":{"name":"(anonymous_6)","decl":{"start":{"line":47,"column":34},"end":{"line":47,"column":39}},"loc":{"start":{"line":49,"column":40},"end":{"line":60,"column":1}}},"6":{"name":"(anonymous_7)","decl":{"start":{"line":76,"column":31},"end":{"line":76,"column":36}},"loc":{"start":{"line":79,"column":16},"end":{"line":141,"column":1}}},"7":{"name":"(anonymous_8)","decl":{"start":{"line":94,"column":15},"end":{"line":94,"column":16}},"loc":{"start":{"line":94,"column":66},"end":{"line":112,"column":3}}},"8":{"name":"(anonymous_9)","decl":{"start":{"line":101,"column":17},"end":{"line":101,"column":18}},"loc":{"start":{"line":101,"column":27},"end":{"line":101,"column":42}}},"9":{"name":"(anonymous_10)","decl":{"start":{"line":120,"column":18},"end":{"line":120,"column":19}},"loc":{"start":{"line":121,"column":6},"end":{"line":124,"column":9}}},"10":{"name":"(anonymous_11)","decl":{"start":{"line":121,"column":39},"end":{"line":121,"column":40}},"loc":{"start":{"line":121,"column":52},"end":{"line":124,"column":8}}}},"branchMap":{"0":{"loc":{"start":{"line":5,"column":2},"end":{"line":5,"column":52}},"type":"if","locations":[{"start":{"line":5,"column":2},"end":{"line":5,"column":52}},{"start":{},"end":{}}]},"1":{"loc":{"start":{"line":5,"column":6},"end":{"line":5,"column":37}},"type":"binary-expr","locations":[{"start":{"line":5,"column":6},"end":{"line":5,"column":10}},{"start":{"line":5,"column":14},"end":{"line":5,"column":37}}]},"2":{"loc":{"start":{"line":6,"column":9},"end":{"line":6,"column":77}},"type":"binary-expr","locations":[{"start":{"line":6,"column":9},"end":{"line":6,"column":41}},{"start":{"line":6,"column":45},"end":{"line":6,"column":77}}]},"3":{"loc":{"start":{"line":10,"column":2},"end":{"line":10,"column":52}},"type":"if","locations":[{"start":{"line":10,"column":2},"end":{"line":10,"column":52}},{"start":{},"end":{}}]},"4":{"loc":{"start":{"line":10,"column":6},"end":{"line":10,"column":37}},"type":"binary-expr","locations":[{"start":{"line":10,"column":6},"end":{"line":10,"column":10}},{"start":{"line":10,"column":14},"end":{"line":10,"column":37}}]},"5":{"loc":{"start":{"line":11,"column":2},"end":{"line":11,"column":43}},"type":"if","locations":[{"start":{"line":11,"column":2},"end":{"line":11,"column":43}},{"start":{},"end":{}}]},"6":{"loc":{"start":{"line":15,"column":4},"end":{"line":15,"column":70}},"type":"if","locations":[{"start":{"line":15,"column":4},"end":{"line":15,"column":70}},{"start":{},"end":{}}]},"7":{"loc":{"start":{"line":15,"column":8},"end":{"line":15,"column":56}},"type":"binary-expr","locations":[{"start":{"line":15,"column":8},"end":{"line":15,"column":30}},{"start":{"line":15,"column":34},"end":{"line":15,"column":56}}]},"8":{"loc":{"start":{"line":16,"column":4},"end":{"line":16,"column":55}},"type":"if","locations":[{"start":{"line":16,"column":4},"end":{"line":16,"column":55}},{"start":{},"end":{}}]},"9":{"loc":{"start":{"line":17,"column":4},"end":{"line":17,"column":55}},"type":"if","locations":[{"start":{"line":17,"column":4},"end":{"line":17,"column":55}},{"start":{},"end":{}}]},"10":{"loc":{"start":{"line":23,"column":2},"end":{"line":23,"column":68}},"type":"if","locations":[{"start":{"line":23,"column":2},"end":{"line":23,"column":68}},{"start":{},"end":{}}]},"11":{"loc":{"start":{"line":23,"column":6},"end":{"line":23,"column":54}},"type":"binary-expr","locations":[{"start":{"line":23,"column":6},"end":{"line":23,"column":20}},{"start":{"line":23,"column":24},"end":{"line":23,"column":54}}]},"12":{"loc":{"start":{"line":29,"column":9},"end":{"line":29,"column":52}},"type":"binary-expr","locations":[{"start":{"line":29,"column":9},"end":{"line":29,"column":41}},{"start":{"line":29,"column":45},"end":{"line":29,"column":52}}]},"13":{"loc":{"start":{"line":33,"column":2},"end":{"line":33,"column":40}},"type":"cond-expr","locations":[{"start":{"line":33,"column":22},"end":{"line":33,"column":26}},{"start":{"line":33,"column":26},"end":{"line":33,"column":40}}]},"14":{"loc":{"start":{"line":33,"column":2},"end":{"line":33,"column":26}},"type":"binary-expr","locations":[{"start":{"line":33,"column":2},"end":{"line":33,"column":26}},{"start":{"line":33,"column":22},"end":{"line":33,"column":26}}]},"15":{"loc":{"start":{"line":33,"column":2},"end":{"line":33,"column":22}},"type":"cond-expr","locations":[{"start":{"line":33,"column":16},"end":{"line":33,"column":18}},{"start":{"line":33,"column":16},"end":{"line":33,"column":22}}]},"16":{"loc":{"start":{"line":33,"column":2},"end":{"line":33,"column":18}},"type":"binary-expr","locations":[{"start":{"line":33,"column":2},"end":{"line":33,"column":18}},{"start":{"line":33,"column":16},"end":{"line":33,"column":18}}]},"17":{"loc":{"start":{"line":33,"column":2},"end":{"line":33,"column":16}},"type":"cond-expr","locations":[{"start":{"line":33,"column":10},"end":{"line":33,"column":12}},{"start":{"line":33,"column":2},"end":{"line":33,"column":16}}]},"18":{"loc":{"start":{"line":33,"column":2},"end":{"line":33,"column":12}},"type":"binary-expr","locations":[{"start":{"line":33,"column":2},"end":{"line":33,"column":12}},{"start":{"line":33,"column":2},"end":{"line":33,"column":12}}]},"19":{"loc":{"start":{"line":33,"column":26},"end":{"line":33,"column":40}},"type":"cond-expr","locations":[{"start":{"line":33,"column":34},"end":{"line":33,"column":36}},{"start":{"line":33,"column":26},"end":{"line":33,"column":40}}]},"20":{"loc":{"start":{"line":33,"column":26},"end":{"line":33,"column":36}},"type":"binary-expr","locations":[{"start":{"line":33,"column":26},"end":{"line":33,"column":36}},{"start":{"line":33,"column":26},"end":{"line":33,"column":36}}]},"21":{"loc":{"start":{"line":37,"column":18},"end":{"line":37,"column":79}},"type":"cond-expr","locations":[{"start":{"line":37,"column":32},"end":{"line":37,"column":74}},{"start":{"line":37,"column":77},"end":{"line":37,"column":79}}]},"22":{"loc":{"start":{"line":44,"column":9},"end":{"line":44,"column":26}},"type":"binary-expr","locations":[{"start":{"line":44,"column":9},"end":{"line":44,"column":18}},{"start":{"line":44,"column":22},"end":{"line":44,"column":26}}]},"23":{"loc":{"start":{"line":44,"column":9},"end":{"line":44,"column":18}},"type":"cond-expr","locations":[{"start":{"line":44,"column":13},"end":{"line":44,"column":15}},{"start":{"line":44,"column":9},"end":{"line":44,"column":18}}]},"24":{"loc":{"start":{"line":44,"column":9},"end":{"line":44,"column":15}},"type":"binary-expr","locations":[{"start":{"line":44,"column":9},"end":{"line":44,"column":15}},{"start":{"line":44,"column":9},"end":{"line":44,"column":15}}]},"25":{"loc":{"start":{"line":50,"column":2},"end":{"line":52,"column":3}},"type":"if","locations":[{"start":{"line":50,"column":2},"end":{"line":52,"column":3}},{"start":{},"end":{}}]},"26":{"loc":{"start":{"line":50,"column":6},"end":{"line":50,"column":56}},"type":"binary-expr","locations":[{"start":{"line":50,"column":6},"end":{"line":50,"column":10}},{"start":{"line":50,"column":14},"end":{"line":50,"column":36}},{"start":{"line":50,"column":40},"end":{"line":50,"column":56}}]},"27":{"loc":{"start":{"line":56,"column":11},"end":{"line":56,"column":27}},"type":"binary-expr","locations":[{"start":{"line":56,"column":11},"end":{"line":56,"column":20}},{"start":{"line":56,"column":24},"end":{"line":56,"column":27}}]},"28":{"loc":{"start":{"line":78,"column":2},"end":{"line":78,"column":16}},"type":"default-arg","locations":[{"start":{"line":78,"column":13},"end":{"line":78,"column":16}}]},"29":{"loc":{"start":{"line":80,"column":2},"end":{"line":80,"column":56}},"type":"if","locations":[{"start":{"line":80,"column":2},"end":{"line":80,"column":56}},{"start":{},"end":{}}]},"30":{"loc":{"start":{"line":80,"column":6},"end":{"line":80,"column":41}},"type":"binary-expr","locations":[{"start":{"line":80,"column":6},"end":{"line":80,"column":12}},{"start":{"line":80,"column":16},"end":{"line":80,"column":41}}]},"31":{"loc":{"start":{"line":87,"column":13},"end":{"line":87,"column":61}},"type":"cond-expr","locations":[{"start":{"line":87,"column":36},"end":{"line":87,"column":46}},{"start":{"line":87,"column":48},"end":{"line":87,"column":61}}]},"32":{"loc":{"start":{"line":95,"column":4},"end":{"line":95,"column":54}},"type":"if","locations":[{"start":{"line":95,"column":4},"end":{"line":95,"column":54}},{"start":{},"end":{}}]},"33":{"loc":{"start":{"line":95,"column":8},"end":{"line":95,"column":45}},"type":"binary-expr","locations":[{"start":{"line":95,"column":8},"end":{"line":95,"column":13}},{"start":{"line":95,"column":17},"end":{"line":95,"column":45}}]},"34":{"loc":{"start":{"line":96,"column":4},"end":{"line":96,"column":41}},"type":"if","locations":[{"start":{"line":96,"column":4},"end":{"line":96,"column":41}},{"start":{},"end":{}}]},"35":{"loc":{"start":{"line":97,"column":4},"end":{"line":97,"column":44}},"type":"if","locations":[{"start":{"line":97,"column":4},"end":{"line":97,"column":44}},{"start":{},"end":{}}]},"36":{"loc":{"start":{"line":100,"column":20},"end":{"line":102,"column":55}},"type":"cond-expr","locations":[{"start":{"line":101,"column":8},"end":{"line":101,"column":43}},{"start":{"line":102,"column":8},"end":{"line":102,"column":55}}]},"37":{"loc":{"start":{"line":105,"column":6},"end":{"line":105,"column":46}},"type":"if","locations":[{"start":{"line":105,"column":6},"end":{"line":105,"column":46}},{"start":{},"end":{}}]},"38":{"loc":{"start":{"line":106,"column":6},"end":{"line":110,"column":7}},"type":"if","locations":[{"start":{"line":106,"column":6},"end":{"line":110,"column":7}},{"start":{"line":108,"column":13},"end":{"line":110,"column":7}}]},"39":{"loc":{"start":{"line":106,"column":10},"end":{"line":106,"column":79}},"type":"binary-expr","locations":[{"start":{"line":106,"column":10},"end":{"line":106,"column":33}},{"start":{"line":106,"column":37},"end":{"line":106,"column":58}},{"start":{"line":106,"column":62},"end":{"line":106,"column":79}}]},"40":{"loc":{"start":{"line":108,"column":13},"end":{"line":110,"column":7}},"type":"if","locations":[{"start":{"line":108,"column":13},"end":{"line":110,"column":7}},{"start":{},"end":{}}]},"41":{"loc":{"start":{"line":108,"column":17},"end":{"line":108,"column":47}},"type":"binary-expr","locations":[{"start":{"line":108,"column":17},"end":{"line":108,"column":20}},{"start":{"line":108,"column":24},"end":{"line":108,"column":47}}]},"42":{"loc":{"start":{"line":116,"column":2},"end":{"line":116,"column":43}},"type":"if","locations":[{"start":{"line":116,"column":2},"end":{"line":116,"column":43}},{"start":{},"end":{}}]},"43":{"loc":{"start":{"line":130,"column":4},"end":{"line":130,"column":48}},"type":"if","locations":[{"start":{"line":130,"column":4},"end":{"line":130,"column":48}},{"start":{},"end":{}}]}},"s":{"0":2,"1":2,"2":2,"3":11,"4":0,"5":11,"6":2,"7":14,"8":0,"9":14,"10":11,"11":3,"12":3,"13":1,"14":0,"15":1,"16":0,"17":1,"18":0,"19":3,"20":3,"21":0,"22":3,"23":2,"24":6,"25":2,"26":5,"27":2,"28":6,"29":6,"30":6,"31":5,"32":5,"33":2,"34":11,"35":5,"36":6,"37":6,"38":5,"39":1,"40":2,"41":2,"42":7,"43":3,"44":4,"45":4,"46":0,"47":4,"48":4,"49":4,"50":6,"51":0,"52":6,"53":0,"54":6,"55":1,"56":5,"57":5,"58":5,"59":5,"60":10,"61":1,"62":9,"63":4,"64":5,"65":2,"66":4,"67":4,"68":1,"69":3,"70":4,"71":4,"72":3,"73":4,"74":0,"75":4,"76":4,"77":4,"78":1,"79":4,"80":4,"81":3,"82":2},"f":{"0":11,"1":14,"2":6,"3":5,"4":6,"5":11,"6":7,"7":6,"8":5,"9":4,"10":4},"b":{"0":[0,11],"1":[11,11],"2":[11,10],"3":[0,14],"4":[14,14],"5":[11,3],"6":[0,1],"7":[1,1],"8":[0,1],"9":[0,1],"10":[0,3],"11":[3,0],"12":[6,6],"13":[5,0],"14":[5,5],"15":[0,5],"16":[5,5],"17":[0,5],"18":[5,5],"19":[0,0],"20":[0,0],"21":[6,0],"22":[5,0],"23":[0,5],"24":[5,5],"25":[5,6],"26":[11,8,7],"27":[5,0],"28":[6],"29":[3,4],"30":[7,6],"31":[0,0],"32":[0,6],"33":[6,6],"34":[0,6],"35":[1,5],"36":[2,3],"37":[1,9],"38":[4,5],"39":[9,6,4],"40":[2,3],"41":[5,5],"42":[1,3],"43":[0,4]}}
}
