TN:
SF:src\configs\constants.ts
FN:15,(anonymous_1)
FN:16,(anonymous_2)
FN:17,(anonymous_3)
FN:18,(anonymous_4)
FN:19,(anonymous_5)
FN:20,(anonymous_6)
FN:21,(anonymous_7)
FN:22,(anonymous_8)
FN:26,(anonymous_9)
FN:32,(anonymous_10)
FN:40,(anonymous_11)
FN:130,(anonymous_12)
FN:131,(anonymous_13)
FN:132,(anonymous_14)
FN:133,(anonymous_15)
FNF:15
FNH:3
FNDA:0,(anonymous_1)
FNDA:0,(anonymous_2)
FNDA:0,(anonymous_3)
FNDA:0,(anonymous_4)
FNDA:0,(anonymous_5)
FNDA:0,(anonymous_6)
FNDA:0,(anonymous_7)
FNDA:0,(anonymous_8)
FNDA:10,(anonymous_9)
FNDA:5,(anonymous_10)
FNDA:15,(anonymous_11)
FNDA:0,(anonymous_12)
FNDA:0,(anonymous_13)
FNDA:0,(anonymous_14)
FNDA:0,(anonymous_15)
DA:8,5
DA:9,5
DA:10,5
DA:14,5
DA:15,5
DA:16,5
DA:17,5
DA:18,5
DA:19,5
DA:20,5
DA:21,5
DA:22,5
DA:26,15
DA:28,5
DA:29,5
DA:30,5
DA:32,5
DA:33,5
DA:34,0
DA:35,0
DA:38,5
DA:40,5
DA:41,15
DA:44,5
DA:56,5
DA:61,5
DA:90,5
DA:96,5
DA:100,5
DA:113,5
DA:120,5
DA:129,5
DA:130,0
DA:131,0
DA:132,0
DA:133,0
DA:136,5
DA:149,5
DA:154,5
DA:169,5
DA:170,5
DA:171,5
DA:172,5
DA:173,5
DA:174,5
DA:175,5
DA:176,5
DA:177,5
DA:178,5
DA:179,5
DA:180,5
DA:181,5
DA:182,5
DA:183,5
LF:54
LH:48
BRDA:28,0,0,5
BRDA:28,0,1,5
BRDA:33,1,0,5
BRDA:33,1,1,0
BRDA:41,2,0,15
BRDA:41,2,1,0
BRDA:41,2,2,0
BRDA:45,3,0,0
BRDA:45,3,1,5
BRDA:48,4,0,0
BRDA:48,4,1,5
BRDA:51,5,0,0
BRDA:51,5,1,5
BRDA:75,6,0,5
BRDA:75,6,1,5
BRDA:80,7,0,5
BRDA:80,7,1,5
BRDA:84,8,0,5
BRDA:84,8,1,5
BRDA:87,9,0,5
BRDA:87,9,1,5
BRF:21
BRH:15
end_of_record
TN:
SF:src\configs\dayjs-config.ts
FNF:0
FNH:0
DA:1,5
DA:2,5
DA:3,5
DA:4,5
DA:5,5
DA:6,5
DA:9,5
DA:10,5
DA:11,5
DA:12,5
DA:15,5
DA:18,5
DA:20,5
DA:21,5
LF:14
LH:14
BRF:0
BRH:0
end_of_record
TN:
SF:src\configs\images.ts
FN:61,(anonymous_1)
FN:70,(anonymous_2)
FN:75,(anonymous_3)
FNF:3
FNH:1
FNDA:235,(anonymous_1)
FNDA:0,(anonymous_2)
FNDA:0,(anonymous_3)
DA:10,5
DA:11,5
DA:12,5
DA:13,5
DA:14,5
DA:15,5
DA:16,5
DA:17,5
DA:18,5
DA:19,5
DA:20,5
DA:21,5
DA:22,5
DA:23,5
DA:24,5
DA:27,5
DA:28,5
DA:29,5
DA:30,5
DA:31,5
DA:32,5
DA:33,5
DA:34,5
DA:35,5
DA:36,5
DA:37,5
DA:38,5
DA:40,5
DA:41,5
DA:42,5
DA:43,5
DA:44,5
DA:45,5
DA:46,5
DA:47,5
DA:48,5
DA:49,5
DA:50,5
DA:51,5
DA:52,5
DA:53,5
DA:54,5
DA:55,5
DA:56,5
DA:57,5
DA:61,5
DA:62,235
DA:63,235
DA:64,235
DA:65,235
DA:66,235
DA:69,5
DA:71,0
DA:76,0
DA:88,5
DA:99,5
DA:112,5
DA:116,5
DA:124,5
DA:128,5
DA:146,5
LF:61
LH:59
BRDA:62,0,0,0
BRDA:62,0,1,235
BRDA:63,1,0,0
BRDA:63,1,1,235
BRDA:63,2,0,235
BRDA:63,2,1,235
BRDA:63,2,2,235
BRDA:64,3,0,0
BRDA:64,3,1,235
BRDA:64,4,0,235
BRDA:64,4,1,235
BRDA:64,4,2,235
BRDA:64,5,0,0
BRDA:64,5,1,0
BRDA:65,6,0,0
BRDA:65,6,1,235
BRDA:65,7,0,235
BRDA:65,7,1,235
BRDA:65,7,2,235
BRDA:66,8,0,235
BRDA:66,8,1,0
BRDA:66,9,0,235
BRDA:66,9,1,235
BRDA:70,10,0,0
BRDA:71,11,0,0
BRDA:71,11,1,0
BRDA:75,12,0,0
BRDA:76,13,0,0
BRDA:76,13,1,0
BRF:29
BRH:16
end_of_record
TN:
SF:src\configs\portalRouting.ts
FN:5,(anonymous_0)
FN:10,(anonymous_1)
FN:15,(anonymous_2)
FN:28,(anonymous_3)
FN:40,(anonymous_4)
FN:51,(anonymous_5)
FN:52,(anonymous_6)
FN:55,(anonymous_7)
FN:61,(anonymous_8)
FN:64,(anonymous_9)
FN:67,(anonymous_10)
FN:84,(anonymous_11)
FN:102,(anonymous_12)
FNF:13
FNH:13
FNDA:16,(anonymous_0)
FNDA:108,(anonymous_1)
FNDA:13,(anonymous_2)
FNDA:4,(anonymous_3)
FNDA:12,(anonymous_4)
FNDA:29,(anonymous_5)
FNDA:51,(anonymous_6)
FNDA:44,(anonymous_7)
FNDA:4,(anonymous_8)
FNDA:4,(anonymous_9)
FNDA:8,(anonymous_10)
FNDA:7,(anonymous_11)
FNDA:4,(anonymous_12)
DA:5,1
DA:6,16
DA:7,16
DA:10,1
DA:11,108
DA:12,108
DA:15,1
DA:16,13
DA:17,6
DA:20,7
DA:21,7
DA:22,6
DA:25,1
DA:26,1
DA:28,1
DA:29,4
DA:30,4
DA:31,3
DA:32,3
DA:37,4
DA:40,1
DA:41,12
DA:42,12
DA:43,5
DA:45,7
DA:46,5
DA:48,2
DA:51,1
DA:52,51
DA:53,11
DA:55,44
DA:56,11
DA:58,7
DA:61,1
DA:62,4
DA:64,1
DA:65,4
DA:67,1
DA:68,8
DA:69,8
DA:70,4
DA:71,6
DA:72,6
DA:75,4
DA:76,3
DA:77,7
DA:78,7
DA:81,1
DA:84,1
DA:89,7
DA:91,7
DA:93,7
DA:94,1
DA:96,6
DA:97,1
DA:99,5
DA:102,1
DA:106,4
DA:107,4
DA:108,1
DA:110,3
DA:111,3
LF:62
LH:62
BRDA:6,0,0,16
BRDA:6,0,1,0
BRDA:7,1,0,6
BRDA:7,1,1,10
BRDA:11,2,0,0
BRDA:11,2,1,108
BRDA:12,3,0,108
BRDA:12,3,1,99
BRDA:16,4,0,6
BRDA:16,4,1,7
BRDA:21,5,0,1
BRDA:21,5,1,6
BRDA:22,6,0,6
BRDA:22,6,1,0
BRDA:30,7,0,3
BRDA:30,7,1,1
BRDA:32,8,0,0
BRDA:32,8,1,3
BRDA:32,9,0,3
BRDA:32,9,1,3
BRDA:37,10,0,4
BRDA:37,10,1,1
BRDA:41,11,0,12
BRDA:41,11,1,0
BRDA:42,12,0,5
BRDA:42,12,1,7
BRDA:43,13,0,4
BRDA:43,13,1,1
BRDA:45,14,0,5
BRDA:45,14,1,2
BRDA:46,15,0,1
BRDA:46,15,1,4
BRDA:51,16,0,0
BRDA:52,17,0,11
BRDA:52,17,1,18
BRDA:55,18,0,11
BRDA:55,18,1,7
BRDA:61,19,0,0
BRDA:64,20,0,0
BRDA:67,21,0,0
BRDA:69,22,0,4
BRDA:69,22,1,4
BRDA:72,23,0,4
BRDA:72,23,1,2
BRDA:75,24,0,3
BRDA:75,24,1,1
BRDA:78,25,0,3
BRDA:78,25,1,4
BRDA:81,26,0,1
BRDA:81,26,1,0
BRDA:86,27,0,0
BRDA:87,28,0,0
BRDA:91,29,0,6
BRDA:91,29,1,1
BRDA:91,30,0,7
BRDA:91,30,1,7
BRDA:93,31,0,1
BRDA:93,31,1,6
BRDA:96,32,0,1
BRDA:96,32,1,5
BRDA:103,33,0,0
BRDA:104,34,0,0
BRDA:107,35,0,1
BRDA:107,35,1,3
BRDA:108,36,0,1
BRDA:108,36,1,0
BRF:66
BRH:51
end_of_record
TN:
SF:src\configs\routeConfig.ts
FN:246,generateRewrites
FN:367,generateRedirects
FNF:2
FNH:2
FNDA:1,generateRewrites
FNDA:1,generateRedirects
DA:21,8
DA:105,8
DA:106,8
DA:108,8
DA:109,536
DA:111,536
DA:112,464
DA:120,8
DA:246,8
DA:247,1
DA:250,1
DA:280,1
DA:317,1
DA:342,1
DA:348,1
DA:349,23
DA:351,1
DA:352,32
DA:354,1
DA:355,20
DA:357,1
DA:358,2
DA:361,1
DA:367,8
DA:368,1
LF:25
LH:25
BRDA:111,0,0,464
BRDA:111,0,1,72
BRF:2
BRH:2
end_of_record
TN:
SF:src\configs\routeLocalization.ts
FN:11,(anonymous_0)
FN:16,(anonymous_1)
FN:29,(anonymous_2)
FN:49,(anonymous_3)
FN:59,(anonymous_4)
FN:65,(anonymous_5)
FNF:6
FNH:6
FNDA:114,(anonymous_0)
FNDA:190,(anonymous_1)
FNDA:68,(anonymous_2)
FNDA:69,(anonymous_3)
FNDA:190,(anonymous_4)
FNDA:2,(anonymous_5)
DA:7,3
DA:11,3
DA:12,114
DA:13,114
DA:16,3
DA:17,190
DA:18,76
DA:21,114
DA:22,114
DA:23,3
DA:26,111
DA:29,3
DA:30,68
DA:31,68
DA:32,68
DA:33,68
DA:35,68
DA:36,66
DA:39,2
DA:40,2
DA:41,2
DA:43,2
DA:49,3
DA:50,69
DA:51,1
DA:54,68
DA:55,68
DA:57,68
DA:59,190
DA:62,68
DA:65,3
DA:66,2
DA:67,0
DA:70,2
DA:71,2
DA:72,2
LF:36
LH:35
BRDA:12,0,0,114
BRDA:12,0,1,0
BRDA:13,1,0,3
BRDA:13,1,1,111
BRDA:17,2,0,76
BRDA:17,2,1,114
BRDA:17,3,0,190
BRDA:17,3,1,126
BRDA:17,3,2,114
BRDA:22,4,0,3
BRDA:22,4,1,111
BRDA:23,5,0,3
BRDA:23,5,1,1
BRDA:26,6,0,111
BRDA:26,6,1,10
BRDA:29,7,0,0
BRDA:35,8,0,66
BRDA:35,8,1,2
BRDA:35,9,0,68
BRDA:35,9,1,67
BRDA:40,10,0,1
BRDA:40,10,1,1
BRDA:41,11,0,1
BRDA:41,11,1,1
BRDA:50,12,0,1
BRDA:50,12,1,68
BRDA:50,13,0,69
BRDA:50,13,1,69
BRDA:62,14,0,64
BRDA:62,14,1,4
BRDA:66,15,0,0
BRDA:66,15,1,2
BRDA:66,16,0,2
BRDA:66,16,1,2
BRDA:66,16,2,2
BRF:35
BRH:32
end_of_record
TN:
SF:src\redux\authSlice.ts
FN:18,(anonymous_0)
FN:46,(anonymous_1)
FNF:2
FNH:2
FNDA:1,(anonymous_0)
FNDA:3,(anonymous_1)
DA:1,1
DA:16,1
DA:18,1
DA:19,1
DA:20,0
DA:21,0
DA:22,0
DA:23,0
DA:24,0
DA:25,0
DA:30,0
DA:34,1
DA:36,1
DA:42,1
DA:47,3
DA:48,3
DA:49,3
DA:50,3
DA:55,1
DA:56,1
DA:58,1
DA:59,1
LF:22
LH:15
BRDA:19,0,0,1
BRDA:19,0,1,0
BRDA:22,1,0,0
BRDA:22,1,1,0
BRDA:24,2,0,0
BRDA:24,2,1,0
BRDA:24,3,0,0
BRDA:24,3,1,0
BRDA:24,4,0,0
BRDA:24,4,1,0
BRDA:27,5,0,0
BRDA:27,5,1,0
BRDA:37,6,0,1
BRDA:37,6,1,0
BRDA:37,7,0,1
BRDA:37,7,1,0
BRDA:38,8,0,1
BRDA:38,8,1,1
BRDA:38,9,0,1
BRDA:38,9,1,0
BRDA:38,10,0,1
BRDA:38,10,1,0
BRDA:39,11,0,1
BRDA:39,11,1,1
BRDA:39,12,0,1
BRDA:39,12,1,0
BRDA:39,13,0,1
BRDA:39,13,1,0
BRDA:47,14,0,0
BRF:29
BRH:11
end_of_record
TN:
SF:src\redux\filterSlice.ts
FN:91,(anonymous_0)
FN:94,(anonymous_1)
FN:100,(anonymous_2)
FN:103,(anonymous_3)
FN:106,(anonymous_4)
FN:109,(anonymous_5)
FN:112,(anonymous_6)
FNF:7
FNH:7
FNDA:1,(anonymous_0)
FNDA:3,(anonymous_1)
FNDA:1,(anonymous_2)
FNDA:2,(anonymous_3)
FNDA:1,(anonymous_4)
FNDA:1,(anonymous_5)
FNDA:1,(anonymous_6)
DA:1,1
DA:46,1
DA:61,1
DA:68,1
DA:83,1
DA:92,1
DA:95,3
DA:101,1
DA:104,2
DA:107,1
DA:110,1
DA:113,1
DA:118,1
DA:127,1
DA:129,1
DA:131,1
DA:132,1
DA:133,1
DA:134,1
DA:135,1
DA:136,1
DA:137,1
LF:22
LH:22
BRDA:97,0,0,0
BRDA:97,0,1,3
BRDA:97,1,0,3
BRDA:97,1,1,3
BRDA:97,2,0,0
BRDA:97,2,1,3
BRDA:97,3,0,3
BRDA:97,3,1,3
BRF:8
BRH:6
end_of_record
TN:
SF:src\redux\profileSlice.ts
FN:25,(anonymous_0)
FNF:1
FNH:1
FNDA:3,(anonymous_0)
DA:1,1
DA:10,1
DA:16,1
DA:26,3
DA:31,1
DA:32,1
DA:34,1
DA:35,1
LF:8
LH:8
BRF:0
BRH:0
end_of_record
TN:
SF:src\redux\userSlice.ts
FN:19,(anonymous_1)
FN:27,(anonymous_2)
FN:36,(anonymous_3)
FN:44,(anonymous_4)
FN:54,(anonymous_5)
FN:62,(anonymous_6)
FN:72,(anonymous_7)
FN:82,(anonymous_8)
FN:91,(anonymous_9)
FN:100,(anonymous_10)
FN:110,(anonymous_11)
FN:114,(anonymous_12)
FN:119,(anonymous_13)
FN:137,(anonymous_14)
FN:142,(anonymous_15)
FN:143,(anonymous_16)
FN:155,(anonymous_17)
FN:165,(anonymous_18)
FN:178,(anonymous_19)
FN:184,(anonymous_20)
FN:190,(anonymous_21)
FNF:21
FNH:12
FNDA:0,(anonymous_1)
FNDA:0,(anonymous_2)
FNDA:0,(anonymous_3)
FNDA:0,(anonymous_4)
FNDA:0,(anonymous_5)
FNDA:0,(anonymous_6)
FNDA:1,(anonymous_7)
FNDA:6,(anonymous_8)
FNDA:4,(anonymous_9)
FNDA:2,(anonymous_10)
FNDA:5,(anonymous_11)
FNDA:2,(anonymous_12)
FNDA:1,(anonymous_13)
FNDA:2,(anonymous_14)
FNDA:1,(anonymous_15)
FNDA:2,(anonymous_16)
FNDA:0,(anonymous_17)
FNDA:2,(anonymous_18)
FNDA:1,(anonymous_19)
FNDA:0,(anonymous_20)
FNDA:0,(anonymous_21)
DA:1,1
DA:3,1
DA:4,1
DA:17,1
DA:20,0
DA:21,0
DA:25,1
DA:28,0
DA:29,0
DA:30,0
DA:34,1
DA:37,0
DA:38,0
DA:42,1
DA:45,0
DA:46,0
DA:47,0
DA:52,1
DA:55,0
DA:56,0
DA:60,1
DA:63,0
DA:64,0
DA:68,1
DA:72,1
DA:73,1
DA:74,0
DA:75,0
DA:76,0
DA:78,0
DA:82,1
DA:83,6
DA:84,5
DA:91,1
DA:96,4
DA:97,4
DA:99,4
DA:100,1
DA:101,2
DA:102,1
DA:103,0
DA:105,1
DA:107,1
DA:110,5
DA:111,3
DA:113,2
DA:114,2
DA:115,1
DA:116,0
DA:119,1
DA:120,1
DA:122,1
DA:125,1
DA:127,1
DA:133,1
DA:138,2
DA:143,1
DA:144,2
DA:145,2
DA:146,2
DA:147,2
DA:155,1
DA:156,0
DA:157,0
DA:158,0
DA:165,1
DA:166,2
DA:170,2
DA:171,2
DA:178,1
DA:179,1
DA:180,1
DA:181,1
DA:184,1
DA:185,0
DA:186,0
DA:190,1
DA:191,0
DA:192,0
DA:198,1
DA:199,1
DA:201,1
DA:203,1
DA:204,1
DA:205,1
DA:206,1
DA:207,1
DA:208,1
DA:209,1
LF:89
LH:62
BRDA:46,0,0,0
BRDA:46,0,1,0
BRDA:73,1,0,1
BRDA:73,1,1,0
BRDA:76,2,0,0
BRDA:76,2,1,0
BRDA:83,3,0,1
BRDA:83,3,1,5
BRDA:86,4,0,5
BRDA:86,4,1,2
BRDA:87,5,0,5
BRDA:87,5,1,0
BRDA:96,6,0,4
BRDA:96,6,1,0
BRDA:97,7,0,0
BRDA:97,7,1,4
BRDA:99,8,0,1
BRDA:99,8,1,3
BRDA:99,9,0,3
BRDA:99,9,1,1
BRDA:99,10,0,4
BRDA:99,10,1,1
BRDA:101,11,0,1
BRDA:101,11,1,1
BRDA:102,12,0,0
BRDA:102,12,1,1
BRDA:107,13,0,1
BRDA:107,13,1,0
BRDA:111,14,0,1
BRDA:111,14,1,2
BRDA:113,15,0,1
BRDA:113,15,1,1
BRDA:113,16,0,0
BRDA:113,16,1,2
BRDA:113,17,0,2
BRDA:113,17,1,2
BRDA:115,18,0,1
BRDA:115,18,1,0
BRDA:120,19,0,0
BRDA:120,19,1,1
BRDA:146,20,0,2
BRDA:146,20,1,0
BRDA:146,21,0,2
BRDA:146,21,1,2
BRDA:146,22,0,0
BRDA:146,22,1,2
BRDA:146,23,0,2
BRDA:146,23,1,2
BRDA:149,24,0,2
BRDA:149,24,1,1
BRDA:159,25,0,0
BRDA:159,25,1,0
BRDA:159,26,0,0
BRDA:159,26,1,0
BRDA:160,27,0,0
BRDA:160,27,1,0
BRDA:168,28,0,2
BRDA:168,28,1,0
BRDA:172,29,0,0
BRDA:172,29,1,2
BRDA:172,30,0,2
BRDA:172,30,1,2
BRDA:173,31,0,2
BRDA:173,31,1,2
BRDA:185,32,0,0
BRDA:185,32,1,0
BRDA:186,33,0,0
BRDA:186,33,1,0
BRDA:186,34,0,0
BRDA:186,34,1,0
BRDA:186,35,0,0
BRDA:186,35,1,0
BRDA:191,36,0,0
BRDA:191,36,1,0
BRDA:192,37,0,0
BRDA:192,37,1,0
BRDA:192,38,0,0
BRDA:192,38,1,0
BRDA:192,39,0,0
BRDA:192,39,1,0
BRF:80
BRH:41
end_of_record
TN:
SF:src\services\adminJobService.ts
FN:8,(anonymous_1)
FN:11,(anonymous_2)
FN:14,(anonymous_3)
FN:17,(anonymous_4)
FN:20,(anonymous_5)
FNF:5
FNH:5
FNDA:1,(anonymous_1)
FNDA:1,(anonymous_2)
FNDA:1,(anonymous_3)
FNDA:1,(anonymous_4)
FNDA:1,(anonymous_5)
DA:3,1
DA:7,1
DA:9,1
DA:12,1
DA:15,1
DA:18,1
DA:21,1
DA:25,1
LF:8
LH:8
BRDA:8,0,0,0
BRF:1
BRH:0
end_of_record
TN:
SF:src\services\adminService.ts
FN:7,(anonymous_1)
FN:14,(anonymous_2)
FN:22,(anonymous_3)
FNF:3
FNH:3
FNDA:2,(anonymous_1)
FNDA:1,(anonymous_2)
FNDA:1,(anonymous_3)
DA:1,1
DA:2,1
DA:7,1
DA:8,2
DA:9,2
DA:12,1
DA:18,1
DA:19,1
DA:24,1
DA:25,1
DA:29,1
LF:11
LH:11
BRDA:14,0,0,0
BRF:1
BRH:0
end_of_record
TN:
SF:src\services\authService.ts
FN:16,(anonymous_1)
FN:33,(anonymous_2)
FN:54,(anonymous_3)
FN:66,(anonymous_4)
FN:77,(anonymous_5)
FN:82,(anonymous_6)
FN:87,(anonymous_7)
FN:92,(anonymous_8)
FN:97,(anonymous_9)
FN:102,(anonymous_10)
FN:111,(anonymous_11)
FN:116,(anonymous_12)
FN:125,(anonymous_13)
FN:138,(anonymous_14)
FN:147,(anonymous_15)
FN:152,(anonymous_16)
FN:157,(anonymous_17)
FN:162,(anonymous_18)
FN:167,(anonymous_19)
FNF:19
FNH:10
FNDA:1,(anonymous_1)
FNDA:0,(anonymous_2)
FNDA:0,(anonymous_3)
FNDA:0,(anonymous_4)
FNDA:1,(anonymous_5)
FNDA:1,(anonymous_6)
FNDA:0,(anonymous_7)
FNDA:0,(anonymous_8)
FNDA:0,(anonymous_9)
FNDA:2,(anonymous_10)
FNDA:1,(anonymous_11)
FNDA:1,(anonymous_12)
FNDA:1,(anonymous_13)
FNDA:1,(anonymous_14)
FNDA:0,(anonymous_15)
FNDA:1,(anonymous_16)
FNDA:0,(anonymous_17)
FNDA:1,(anonymous_18)
FNDA:0,(anonymous_19)
DA:1,2
DA:2,2
DA:3,2
DA:15,2
DA:21,1
DA:22,1
DA:30,1
DA:40,0
DA:41,0
DA:48,0
DA:49,0
DA:51,0
DA:55,0
DA:56,0
DA:63,0
DA:67,0
DA:68,0
DA:74,0
DA:78,1
DA:79,1
DA:83,1
DA:84,1
DA:88,0
DA:89,0
DA:93,0
DA:94,0
DA:98,0
DA:99,0
DA:103,2
DA:104,2
DA:105,2
DA:106,1
DA:108,2
DA:112,1
DA:113,1
DA:117,1
DA:118,1
DA:119,1
DA:120,1
DA:122,1
DA:126,1
DA:127,1
DA:132,1
DA:133,1
DA:135,1
DA:139,1
DA:140,1
DA:141,1
DA:142,0
DA:144,1
DA:148,0
DA:149,0
DA:153,1
DA:154,1
DA:158,0
DA:159,0
DA:163,1
DA:164,1
DA:168,0
DA:169,0
DA:173,2
LF:61
LH:37
BRDA:48,0,0,0
BRDA:48,0,1,0
BRDA:97,1,0,0
BRDA:105,2,0,1
BRDA:105,2,1,1
BRDA:105,3,0,0
BRDA:105,3,1,2
BRDA:105,4,0,2
BRDA:105,4,1,2
BRDA:119,5,0,1
BRDA:119,5,1,0
BRDA:119,6,0,0
BRDA:119,6,1,1
BRDA:119,7,0,1
BRDA:119,7,1,1
BRDA:132,8,0,1
BRDA:132,8,1,0
BRDA:132,9,0,0
BRDA:132,9,1,1
BRDA:132,10,0,1
BRDA:132,10,1,1
BRDA:141,11,0,0
BRDA:141,11,1,1
BRDA:141,12,0,0
BRDA:141,12,1,1
BRDA:141,13,0,1
BRDA:141,13,1,1
BRF:27
BRH:17
end_of_record
TN:
SF:src\services\tokenService.ts
FN:11,(anonymous_1)
FN:20,(anonymous_2)
FN:29,(anonymous_3)
FN:38,(anonymous_4)
FN:64,(anonymous_5)
FNF:5
FNH:5
FNDA:2,(anonymous_1)
FNDA:1,(anonymous_2)
FNDA:2,(anonymous_3)
FNDA:2,(anonymous_4)
FNDA:1,(anonymous_5)
DA:1,2
DA:2,2
DA:5,2
DA:10,2
DA:12,2
DA:13,2
DA:14,2
DA:16,0
DA:21,1
DA:22,1
DA:23,1
DA:25,0
DA:30,2
DA:31,2
DA:32,2
DA:34,0
DA:43,2
DA:44,2
DA:48,2
DA:52,2
DA:53,1
DA:58,2
DA:60,0
DA:65,1
DA:66,1
DA:67,1
DA:68,1
DA:69,1
DA:71,0
DA:76,2
LF:30
LH:25
BRDA:7,0,0,2
BRDA:7,0,1,0
BRDA:14,1,0,1
BRDA:14,1,1,1
BRDA:14,2,0,2
BRDA:14,2,1,2
BRDA:23,3,0,1
BRDA:23,3,1,0
BRDA:23,4,0,1
BRDA:23,4,1,1
BRDA:32,5,0,1
BRDA:32,5,1,1
BRDA:32,6,0,2
BRDA:32,6,1,1
BRDA:52,7,0,1
BRDA:52,7,1,1
BRF:16
BRH:14
end_of_record
TN:
SF:src\utils\camelCase.ts
FN:6,(anonymous_0)
FN:7,(anonymous_1)
FN:13,camelizeKeys
FN:17,(anonymous_3)
FN:34,(anonymous_4)
FN:35,(anonymous_5)
FN:41,snakizeKeys
FN:45,(anonymous_7)
FNF:8
FNH:8
FNDA:11,(anonymous_0)
FNDA:9,(anonymous_1)
FNDA:26,camelizeKeys
FNDA:2,(anonymous_3)
FNDA:7,(anonymous_4)
FNDA:7,(anonymous_5)
FNDA:17,snakizeKeys
FNDA:2,(anonymous_7)
DA:6,3
DA:7,11
DA:13,3
DA:14,26
DA:16,24
DA:17,2
DA:20,23
DA:21,11
DA:22,11
DA:23,11
DA:25,11
DA:28,12
DA:34,3
DA:35,7
DA:41,3
DA:42,17
DA:44,15
DA:45,2
DA:48,14
DA:49,6
DA:50,6
DA:51,7
DA:53,6
DA:56,8
LF:24
LH:24
BRDA:14,0,0,2
BRDA:14,0,1,24
BRDA:14,1,0,26
BRDA:14,1,1,25
BRDA:16,2,0,1
BRDA:16,2,1,23
BRDA:20,3,0,11
BRDA:20,3,1,12
BRDA:20,4,0,23
BRDA:20,4,1,12
BRDA:20,4,2,11
BRDA:20,4,3,11
BRDA:42,5,0,2
BRDA:42,5,1,15
BRDA:42,6,0,17
BRDA:42,6,1,16
BRDA:44,7,0,1
BRDA:44,7,1,14
BRDA:48,8,0,6
BRDA:48,8,1,8
BRDA:48,9,0,14
BRDA:48,9,1,7
BRDA:48,9,2,6
BRDA:48,9,3,6
BRDA:48,9,4,6
BRF:25
BRH:25
end_of_record
TN:
SF:src\utils\httpRequest.ts
FN:47,(anonymous_1)
FN:64,(anonymous_2)
FN:68,(anonymous_3)
FN:71,(anonymous_4)
FN:76,(anonymous_5)
FN:79,(anonymous_6)
FN:85,(anonymous_7)
FN:104,(anonymous_8)
FN:110,(anonymous_9)
FN:119,(anonymous_10)
FN:133,(anonymous_11)
FNF:11
FNH:4
FNDA:0,(anonymous_1)
FNDA:5,(anonymous_2)
FNDA:4,(anonymous_3)
FNDA:0,(anonymous_4)
FNDA:0,(anonymous_5)
FNDA:0,(anonymous_6)
FNDA:5,(anonymous_7)
FNDA:0,(anonymous_8)
FNDA:5,(anonymous_9)
FNDA:0,(anonymous_10)
FNDA:0,(anonymous_11)
DA:1,2
DA:2,2
DA:3,2
DA:4,2
DA:18,2
DA:19,2
DA:22,2
DA:33,2
DA:36,2
DA:39,2
DA:41,2
DA:48,0
DA:55,2
DA:64,2
DA:65,5
DA:66,5
DA:67,5
DA:68,4
DA:71,2
DA:72,0
DA:73,0
DA:76,2
DA:77,0
DA:79,2
DA:80,0
DA:82,2
DA:84,2
DA:86,5
DA:87,5
DA:88,1
DA:96,5
DA:98,5
DA:99,4
DA:100,4
DA:102,5
DA:105,0
DA:109,2
DA:113,5
DA:116,5
DA:120,0
DA:121,0
DA:122,0
DA:124,0
DA:132,0
DA:133,0
DA:134,0
DA:137,0
DA:138,0
DA:141,0
DA:142,0
DA:145,0
DA:146,0
DA:147,0
DA:150,0
DA:151,0
DA:152,0
DA:153,0
DA:156,0
DA:157,0
DA:165,0
DA:166,0
DA:167,0
DA:169,0
DA:172,0
DA:174,0
DA:176,0
DA:177,0
DA:178,0
DA:181,0
DA:187,0
DA:188,0
DA:189,0
DA:190,0
DA:192,0
DA:193,0
DA:194,0
DA:199,2
LF:77
LH:34
BRDA:39,0,0,2
BRDA:39,0,1,2
BRDA:65,1,0,5
BRDA:65,1,1,0
BRDA:66,2,0,0
BRDA:66,2,1,5
BRDA:67,3,0,1
BRDA:67,3,1,4
BRDA:72,4,0,0
BRDA:72,4,1,0
BRDA:73,5,0,0
BRDA:73,5,1,0
BRDA:77,6,0,0
BRDA:77,6,1,0
BRDA:77,6,2,0
BRDA:77,6,3,0
BRDA:80,7,0,0
BRDA:80,7,1,0
BRDA:80,8,0,0
BRDA:80,8,1,0
BRDA:80,9,0,0
BRDA:80,9,1,0
BRDA:80,10,0,0
BRDA:80,10,1,0
BRDA:80,11,0,0
BRDA:80,11,1,0
BRDA:80,12,0,0
BRDA:80,12,1,0
BRDA:80,13,0,0
BRDA:80,13,1,0
BRDA:80,14,0,0
BRDA:80,14,1,0
BRDA:87,15,0,1
BRDA:87,15,1,4
BRDA:87,16,0,5
BRDA:87,16,1,2
BRDA:98,17,0,4
BRDA:98,17,1,1
BRDA:98,18,0,5
BRDA:98,18,1,5
BRDA:99,19,0,4
BRDA:99,19,1,0
BRDA:99,20,0,4
BRDA:99,20,1,4
BRDA:113,21,0,3
BRDA:113,21,1,2
BRDA:113,22,0,5
BRDA:113,22,1,5
BRDA:113,23,0,0
BRDA:113,23,1,5
BRDA:113,24,0,5
BRDA:113,24,1,5
BRDA:121,25,0,0
BRDA:121,25,1,0
BRDA:121,26,0,0
BRDA:121,26,1,0
BRDA:122,27,0,0
BRDA:122,27,1,0
BRDA:122,28,0,0
BRDA:122,28,1,0
BRDA:122,29,0,0
BRDA:122,29,1,0
BRDA:124,30,0,0
BRDA:124,30,1,0
BRDA:125,31,0,0
BRDA:125,31,1,0
BRDA:125,31,2,0
BRDA:125,31,3,0
BRDA:125,31,4,0
BRDA:125,31,5,0
BRDA:137,32,0,0
BRDA:137,32,1,0
BRDA:137,33,0,0
BRDA:137,33,1,0
BRDA:141,34,0,0
BRDA:141,34,1,0
BRDA:145,35,0,0
BRDA:145,35,1,0
BRDA:145,36,0,0
BRDA:145,36,1,0
BRDA:151,37,0,0
BRDA:151,37,1,0
BRDA:156,38,0,0
BRDA:156,38,1,0
BRDA:172,39,0,0
BRDA:172,39,1,0
BRDA:172,39,2,0
BRDA:174,40,0,0
BRDA:174,40,1,0
BRDA:174,40,2,0
BRDA:176,41,0,0
BRDA:176,41,1,0
BRDA:188,42,0,0
BRDA:188,42,1,0
BRF:94
BRH:24
end_of_record
TN:
SF:src\utils\params.ts
FN:7,(anonymous_0)
FN:9,(anonymous_1)
FNF:2
FNH:2
FNDA:7,(anonymous_0)
FNDA:15,(anonymous_1)
DA:7,3
DA:8,7
DA:9,7
DA:10,15
DA:11,11
DA:12,7
DA:13,6
DA:15,7
LF:8
LH:8
BRDA:9,0,0,7
BRDA:9,0,1,2
BRDA:10,1,0,4
BRDA:10,1,1,11
BRDA:10,2,0,15
BRDA:10,2,1,13
BRDA:11,3,0,4
BRDA:11,3,1,7
BRDA:11,4,0,11
BRDA:11,4,1,6
BRDA:12,5,0,1
BRDA:12,5,1,6
BRDA:12,6,0,7
BRDA:12,6,1,2
BRF:14
BRH:14
end_of_record
TN:
SF:src\utils\presignUrl.ts
FN:4,(anonymous_1)
FN:9,(anonymous_2)
FN:28,(anonymous_3)
FN:32,(anonymous_4)
FN:35,(anonymous_5)
FN:47,(anonymous_6)
FN:76,(anonymous_7)
FN:94,(anonymous_8)
FN:101,(anonymous_9)
FN:120,(anonymous_10)
FN:121,(anonymous_11)
FNF:11
FNH:11
FNDA:11,(anonymous_1)
FNDA:14,(anonymous_2)
FNDA:6,(anonymous_3)
FNDA:5,(anonymous_4)
FNDA:6,(anonymous_5)
FNDA:11,(anonymous_6)
FNDA:7,(anonymous_7)
FNDA:6,(anonymous_8)
FNDA:5,(anonymous_9)
FNDA:4,(anonymous_10)
FNDA:4,(anonymous_11)
DA:1,2
DA:2,2
DA:4,2
DA:5,11
DA:6,11
DA:9,2
DA:10,14
DA:11,14
DA:13,3
DA:14,3
DA:15,1
DA:16,1
DA:17,1
DA:22,3
DA:23,3
DA:25,3
DA:28,2
DA:29,6
DA:32,2
DA:33,5
DA:35,2
DA:36,6
DA:37,6
DA:38,6
DA:43,5
DA:44,5
DA:47,2
DA:50,11
DA:51,5
DA:54,6
DA:55,6
DA:56,5
DA:58,1
DA:76,2
DA:80,7
DA:84,4
DA:85,4
DA:87,0
DA:91,4
DA:92,4
DA:94,4
DA:95,6
DA:96,6
DA:97,6
DA:98,5
DA:100,5
DA:101,5
DA:104,5
DA:105,10
DA:106,9
DA:107,4
DA:108,5
DA:109,2
DA:114,4
DA:116,4
DA:119,3
DA:121,4
DA:129,3
DA:130,4
DA:132,4
DA:133,4
DA:134,1
DA:136,4
DA:137,4
DA:140,3
LF:65
LH:64
BRDA:5,0,0,0
BRDA:5,0,1,11
BRDA:5,1,0,11
BRDA:5,1,1,11
BRDA:6,2,0,11
BRDA:6,2,1,10
BRDA:10,3,0,0
BRDA:10,3,1,14
BRDA:10,4,0,14
BRDA:10,4,1,14
BRDA:11,5,0,11
BRDA:11,5,1,3
BRDA:15,6,0,0
BRDA:15,6,1,1
BRDA:15,7,0,1
BRDA:15,7,1,1
BRDA:16,8,0,0
BRDA:16,8,1,1
BRDA:17,9,0,0
BRDA:17,9,1,1
BRDA:23,10,0,0
BRDA:23,10,1,3
BRDA:23,11,0,3
BRDA:23,11,1,0
BRDA:29,12,0,6
BRDA:29,12,1,6
BRDA:33,13,0,5
BRDA:33,13,1,0
BRDA:33,14,0,5
BRDA:33,14,1,5
BRDA:33,15,0,0
BRDA:33,15,1,5
BRDA:33,16,0,5
BRDA:33,16,1,5
BRDA:33,17,0,0
BRDA:33,17,1,5
BRDA:33,18,0,5
BRDA:33,18,1,5
BRDA:33,19,0,0
BRDA:33,19,1,0
BRDA:33,20,0,0
BRDA:33,20,1,0
BRDA:37,21,0,6
BRDA:37,21,1,0
BRDA:44,22,0,5
BRDA:44,22,1,0
BRDA:44,23,0,0
BRDA:44,23,1,5
BRDA:44,24,0,5
BRDA:44,24,1,5
BRDA:50,25,0,5
BRDA:50,25,1,6
BRDA:50,26,0,11
BRDA:50,26,1,8
BRDA:50,26,2,7
BRDA:56,27,0,5
BRDA:56,27,1,0
BRDA:78,28,0,6
BRDA:80,29,0,3
BRDA:80,29,1,4
BRDA:80,30,0,7
BRDA:80,30,1,6
BRDA:87,31,0,0
BRDA:87,31,1,0
BRDA:95,32,0,0
BRDA:95,32,1,6
BRDA:95,33,0,6
BRDA:95,33,1,6
BRDA:96,34,0,0
BRDA:96,34,1,6
BRDA:97,35,0,1
BRDA:97,35,1,5
BRDA:100,36,0,2
BRDA:100,36,1,3
BRDA:105,37,0,1
BRDA:105,37,1,9
BRDA:106,38,0,4
BRDA:106,38,1,5
BRDA:106,39,0,9
BRDA:106,39,1,6
BRDA:106,39,2,4
BRDA:108,40,0,2
BRDA:108,40,1,3
BRDA:108,41,0,5
BRDA:108,41,1,5
BRDA:116,42,0,1
BRDA:116,42,1,3
BRDA:130,43,0,0
BRDA:130,43,1,4
BRF:89
BRH:66
end_of_record
